[1,0]<stdout>:Total GPUs available: 4
[1,0]<stdout>:Hi I am a GPU and my rank is: 0
[1,1]<stdout>:Total GPUs available: 4
[1,1]<stdout>:Hi I am a GPU and my rank is: 1
[1,2]<stdout>:Total GPUs available: 4
[1,2]<stdout>:Hi I am a GPU and my rank is: 2
[1,3]<stdout>:Total GPUs available: 4
[1,3]<stdout>:Hi I am a GPU and my rank is: 3
[1,2]<stdout>:[PhysicalDevice(name='/physical_device:GPU:0', device_type='GPU'), PhysicalDevice(name='/physical_device:GPU:1', device_type='GPU'), PhysicalDevice(name='/physical_device:GPU:2', device_type='GPU'), PhysicalDevice(name='/physical_device:GPU:3', device_type='GPU')]
[1,3]<stdout>:[PhysicalDevice(name='/physical_device:GPU:0', device_type='GPU'), PhysicalDevice(name='/physical_device:GPU:1', device_type='GPU'), PhysicalDevice(name='/physical_device:GPU:2', device_type='GPU'), PhysicalDevice(name='/physical_device:GPU:3', device_type='GPU')]
[1,0]<stdout>:[PhysicalDevice(name='/physical_device:GPU:0', device_type='GPU'), PhysicalDevice(name='/physical_device:GPU:1', device_type='GPU'), PhysicalDevice(name='/physical_device:GPU:2', device_type='GPU'), PhysicalDevice(name='/physical_device:GPU:3', device_type='GPU')]
[1,1]<stdout>:[PhysicalDevice(name='/physical_device:GPU:0', device_type='GPU'), PhysicalDevice(name='/physical_device:GPU:1', device_type='GPU'), PhysicalDevice(name='/physical_device:GPU:2', device_type='GPU'), PhysicalDevice(name='/physical_device:GPU:3', device_type='GPU')]
[1,2]<stdout>:compiled model
[1,1]<stdout>:compiled model
[1,0]<stdout>:compiled model
[1,3]<stdout>:compiled model
[1,2]<stdout>:Tue Oct 18 10:47:44 2022       
[1,2]<stdout>:+-----------------------------------------------------------------------------+
[1,2]<stdout>:| NVIDIA-SMI 510.47.03    Driver Version: 510.47.03    CUDA Version: 11.6     |
[1,2]<stdout>:|-------------------------------+----------------------+----------------------+
[1,2]<stdout>:| GPU  Name        Persistence-M| Bus-Id        Disp.A | Volatile Uncorr. ECC |
[1,2]<stdout>:| Fan  Temp  Perf  Pwr:Usage/Cap|         Memory-Usage | GPU-Util  Compute M. |
[1,2]<stdout>:|                               |                      |               MIG M. |
[1,2]<stdout>:|===============================+======================+======================|
[1,1]<stdout>:Tue Oct 18 10:47:44 2022       
[1,1]<stdout>:+-----------------------------------------------------------------------------+
[1,1]<stdout>:| NVIDIA-SMI 510.47.03    Driver Version: 510.47.03    CUDA Version: 11.6     |
[1,1]<stdout>:|-------------------------------+----------------------+----------------------+
[1,1]<stdout>:| GPU  Name        Persistence-M| Bus-Id        Disp.A | Volatile Uncorr. ECC |
[1,1]<stdout>:| Fan  Temp  Perf  Pwr:Usage/Cap|         Memory-Usage | GPU-Util  Compute M. |
[1,1]<stdout>:|                               |                      |               MIG M. |
[1,1]<stdout>:|===============================+======================+======================|
[1,2]<stdout>:|   0  Tesla V100-SXM2...  On   | 00000000:1A:00.0 Off |                    0 |
[1,2]<stdout>:| N/A   44C    P0    56W / 300W |    484MiB / 16384MiB |      0%      Default |
[1,2]<stdout>:|                               |                      |                  N/A |
[1,2]<stdout>:+-------------------------------+----------------------+----------------------+
[1,1]<stdout>:|   0  Tesla V100-SXM2...  On   | 00000000:1A:00.0 Off |                    0 |
[1,1]<stdout>:| N/A   44C    P0    56W / 300W |    484MiB / 16384MiB |      0%      Default |
[1,1]<stdout>:|                               |                      |                  N/A |
[1,1]<stdout>:+-------------------------------+----------------------+----------------------+
[1,2]<stdout>:|   1  Tesla V100-SXM2...  On   | 00000000:1C:00.0 Off |                    0 |
[1,2]<stdout>:| N/A   37C    P0    54W / 300W |    484MiB / 16384MiB |      0%      Default |
[1,2]<stdout>:|                               |                      |                  N/A |
[1,2]<stdout>:+-------------------------------+----------------------+----------------------+
[1,1]<stdout>:|   1  Tesla V100-SXM2...  On   | 00000000:1C:00.0 Off |                    0 |
[1,1]<stdout>:| N/A   37C    P0    54W / 300W |    484MiB / 16384MiB |      0%      Default |
[1,1]<stdout>:|                               |                      |                  N/A |
[1,1]<stdout>:+-------------------------------+----------------------+----------------------+
[1,2]<stdout>:|   2  Tesla V100-SXM2...  On   | 00000000:1D:00.0 Off |                    0 |
[1,2]<stdout>:| N/A   38C    P0    53W / 300W |    484MiB / 16384MiB |      0%      Default |
[1,2]<stdout>:|                               |                      |                  N/A |
[1,2]<stdout>:+-------------------------------+----------------------+----------------------+
[1,0]<stdout>:Tue Oct 18 10:47:44 2022       
[1,0]<stdout>:+-----------------------------------------------------------------------------+
[1,0]<stdout>:| NVIDIA-SMI 510.47.03    Driver Version: 510.47.03    CUDA Version: 11.6     |
[1,0]<stdout>:|-------------------------------+----------------------+----------------------+
[1,0]<stdout>:| GPU  Name        Persistence-M| Bus-Id        Disp.A | Volatile Uncorr. ECC |
[1,0]<stdout>:| Fan  Temp  Perf  Pwr:Usage/Cap|         Memory-Usage | GPU-Util  Compute M. |
[1,0]<stdout>:|                               |                      |               MIG M. |
[1,0]<stdout>:|===============================+======================+======================|
[1,1]<stdout>:|   2  Tesla V100-SXM2...  On   | 00000000:1D:00.0 Off |                    0 |
[1,1]<stdout>:| N/A   37C    P0    53W / 300W |    484MiB / 16384MiB |      0%      Default |
[1,1]<stdout>:|                               |                      |                  N/A |
[1,1]<stdout>:+-------------------------------+----------------------+----------------------+
[1,3]<stdout>:Tue Oct 18 10:47:44 2022       
[1,3]<stdout>:+-----------------------------------------------------------------------------+
[1,3]<stdout>:| NVIDIA-SMI 510.47.03    Driver Version: 510.47.03    CUDA Version: 11.6     |
[1,3]<stdout>:|-------------------------------+----------------------+----------------------+
[1,3]<stdout>:| GPU  Name        Persistence-M| Bus-Id        Disp.A | Volatile Uncorr. ECC |
[1,3]<stdout>:| Fan  Temp  Perf  Pwr:Usage/Cap|         Memory-Usage | GPU-Util  Compute M. |
[1,3]<stdout>:|                               |                      |               MIG M. |
[1,3]<stdout>:|===============================+======================+======================|
[1,2]<stdout>:|   3  Tesla V100-SXM2...  On   | 00000000:1E:00.0 Off |                    0 |
[1,2]<stdout>:| N/A   44C    P0    57W / 300W |    484MiB / 16384MiB |      0%      Default |
[1,2]<stdout>:|                               |                      |                  N/A |
[1,2]<stdout>:+-------------------------------+----------------------+----------------------+
[1,2]<stdout>:                                                                               
[1,2]<stdout>:+-----------------------------------------------------------------------------+
[1,2]<stdout>:| Processes:                                                                  |
[1,2]<stdout>:|  GPU   GI   CI        PID   Type   Process name                  GPU Memory |
[1,2]<stdout>:|        ID   ID                                                   Usage      |
[1,2]<stdout>:|=============================================================================|
[1,2]<stdout>:|    0   N/A  N/A   2308829      C   python                            481MiB |
[1,2]<stdout>:|    1   N/A  N/A   2308830      C   python                            481MiB |
[1,2]<stdout>:|    2   N/A  N/A   2308831      C   python                            481MiB |
[1,2]<stdout>:|    3   N/A  N/A   2308832      C   python                            481MiB |
[1,2]<stdout>:+-----------------------------------------------------------------------------+
[1,2]<stdout>:0
[1,1]<stdout>:|   3  Tesla V100-SXM2...  On   | 00000000:1E:00.0 Off |                    0 |
[1,1]<stdout>:| N/A   44C    P0    57W / 300W |    484MiB / 16384MiB |      0%      Default |
[1,1]<stdout>:|                               |                      |                  N/A |
[1,1]<stdout>:+-------------------------------+----------------------+----------------------+
[1,1]<stdout>:                                                                               
[1,1]<stdout>:+-----------------------------------------------------------------------------+
[1,1]<stdout>:| Processes:                                                                  |
[1,1]<stdout>:|  GPU   GI   CI        PID   Type   Process name                  GPU Memory |
[1,1]<stdout>:|        ID   ID                                                   Usage      |
[1,1]<stdout>:|=============================================================================|
[1,1]<stdout>:|    0   N/A  N/A   2308829      C   python                            481MiB |
[1,1]<stdout>:|    1   N/A  N/A   2308830      C   python                            481MiB |
[1,1]<stdout>:|    2   N/A  N/A   2308831      C   python                            481MiB |
[1,1]<stdout>:|    3   N/A  N/A   2308832      C   python                            481MiB |
[1,1]<stdout>:+-----------------------------------------------------------------------------+
[1,0]<stdout>:|   0  Tesla V100-SXM2...  On   | 00000000:1A:00.0 Off |                    0 |
[1,0]<stdout>:| N/A   44C    P0    56W / 300W |    484MiB / 16384MiB |      0%      Default |
[1,0]<stdout>:|                               |                      |                  N/A |
[1,0]<stdout>:+-------------------------------+----------------------+----------------------+
[1,1]<stdout>:0
[1,3]<stdout>:|   0  Tesla V100-SXM2...  On   | 00000000:1A:00.0 Off |                    0 |
[1,3]<stdout>:| N/A   44C    P0    56W / 300W |    484MiB / 16384MiB |      0%      Default |
[1,3]<stdout>:|                               |                      |                  N/A |
[1,3]<stdout>:+-------------------------------+----------------------+----------------------+
[1,0]<stdout>:|   1  Tesla V100-SXM2...  On   | 00000000:1C:00.0 Off |                    0 |
[1,0]<stdout>:| N/A   37C    P0    54W / 300W |    484MiB / 16384MiB |      0%      Default |
[1,0]<stdout>:|                               |                      |                  N/A |
[1,0]<stdout>:+-------------------------------+----------------------+----------------------+
[1,3]<stdout>:|   1  Tesla V100-SXM2...  On   | 00000000:1C:00.0 Off |                    0 |
[1,3]<stdout>:| N/A   37C    P0    54W / 300W |    484MiB / 16384MiB |      0%      Default |
[1,3]<stdout>:|                               |                      |                  N/A |
[1,3]<stdout>:+-------------------------------+----------------------+----------------------+
[1,0]<stdout>:|   2  Tesla V100-SXM2...  On   | 00000000:1D:00.0 Off |                    0 |
[1,0]<stdout>:| N/A   38C    P0    53W / 300W |    484MiB / 16384MiB |      0%      Default |
[1,0]<stdout>:|                               |                      |                  N/A |
[1,0]<stdout>:+-------------------------------+----------------------+----------------------+
[1,3]<stdout>:|   2  Tesla V100-SXM2...  On   | 00000000:1D:00.0 Off |                    0 |
[1,3]<stdout>:| N/A   38C    P0    53W / 300W |    484MiB / 16384MiB |      0%      Default |
[1,3]<stdout>:|                               |                      |                  N/A |
[1,3]<stdout>:+-------------------------------+----------------------+----------------------+
[1,0]<stdout>:|   3  Tesla V100-SXM2...  On   | 00000000:1E:00.0 Off |                    0 |
[1,0]<stdout>:| N/A   44C    P0    57W / 300W |    484MiB / 16384MiB |      0%      Default |
[1,0]<stdout>:|                               |                      |                  N/A |
[1,0]<stdout>:+-------------------------------+----------------------+----------------------+
[1,0]<stdout>:                                                                               
[1,0]<stdout>:+-----------------------------------------------------------------------------+
[1,0]<stdout>:| Processes:                                                                  |
[1,0]<stdout>:|  GPU   GI   CI        PID   Type   Process name                  GPU Memory |
[1,0]<stdout>:|        ID   ID                                                   Usage      |
[1,0]<stdout>:|=============================================================================|
[1,0]<stdout>:|    0   N/A  N/A   2308829      C   python                            481MiB |
[1,0]<stdout>:|    1   N/A  N/A   2308830      C   python                            481MiB |
[1,0]<stdout>:|    2   N/A  N/A   2308831      C   python                            481MiB |
[1,3]<stdout>:|   3  Tesla V100-SXM2...  On   | 00000000:1E:00.0 Off |                    0 |
[1,3]<stdout>:| N/A   44C    P0    57W / 300W |    484MiB / 16384MiB |      0%      Default |
[1,3]<stdout>:|                               |                      |                  N/A |
[1,3]<stdout>:+-------------------------------+----------------------+----------------------+
[1,3]<stdout>:                                                                               
[1,3]<stdout>:+-----------------------------------------------------------------------------+
[1,3]<stdout>:| Processes:                                                                  |
[1,3]<stdout>:|  GPU   GI   CI        PID   Type   Process name                  GPU Memory |
[1,3]<stdout>:|        ID   ID                                                   Usage      |
[1,3]<stdout>:|=============================================================================|
[1,0]<stdout>:|    3   N/A  N/A   2308832      C   python                            481MiB |
[1,0]<stdout>:+-----------------------------------------------------------------------------+
[1,3]<stdout>:|    0   N/A  N/A   2308829      C   python                            481MiB |
[1,3]<stdout>:|    1   N/A  N/A   2308830      C   python                            481MiB |
[1,3]<stdout>:|    2   N/A  N/A   2308831      C   python                            481MiB |
[1,3]<stdout>:|    3   N/A  N/A   2308832      C   python                            481MiB |
[1,3]<stdout>:+-----------------------------------------------------------------------------+
[1,0]<stdout>:0
[1,3]<stdout>:0
[1,0]<stdout>:Epoch 1/70
[1,2]<stdout>:Tue Oct 18 10:48:06 2022       
[1,2]<stdout>:+-----------------------------------------------------------------------------+
[1,2]<stdout>:| NVIDIA-SMI 510.47.03    Driver Version: 510.47.03    CUDA Version: 11.6     |
[1,2]<stdout>:|-------------------------------+----------------------+----------------------+
[1,2]<stdout>:| GPU  Name        Persistence-M| Bus-Id        Disp.A | Volatile Uncorr. ECC |
[1,2]<stdout>:| Fan  Temp  Perf  Pwr:Usage/Cap|         Memory-Usage | GPU-Util  Compute M. |
[1,2]<stdout>:|                               |                      |               MIG M. |
[1,2]<stdout>:|===============================+======================+======================|
[1,1]<stdout>:Tue Oct 18 10:48:06 2022       
[1,1]<stdout>:+-----------------------------------------------------------------------------+
[1,1]<stdout>:| NVIDIA-SMI 510.47.03    Driver Version: 510.47.03    CUDA Version: 11.6     |
[1,1]<stdout>:|-------------------------------+----------------------+----------------------+
[1,1]<stdout>:| GPU  Name        Persistence-M| Bus-Id        Disp.A | Volatile Uncorr. ECC |
[1,1]<stdout>:| Fan  Temp  Perf  Pwr:Usage/Cap|         Memory-Usage | GPU-Util  Compute M. |
[1,1]<stdout>:|                               |                      |               MIG M. |
[1,1]<stdout>:|===============================+======================+======================|
[1,0]<stdout>:Tue Oct 18 10:48:06 2022       
[1,0]<stdout>:+-----------------------------------------------------------------------------+
[1,0]<stdout>:| NVIDIA-SMI 510.47.03    Driver Version: 510.47.03    CUDA Version: 11.6     |
[1,0]<stdout>:|-------------------------------+----------------------+----------------------+
[1,0]<stdout>:| GPU  Name        Persistence-M| Bus-Id        Disp.A | Volatile Uncorr. ECC |
[1,0]<stdout>:| Fan  Temp  Perf  Pwr:Usage/Cap|         Memory-Usage | GPU-Util  Compute M. |
[1,0]<stdout>:|                               |                      |               MIG M. |
[1,0]<stdout>:|===============================+======================+======================|
[1,3]<stdout>:Tue Oct 18 10:48:06 2022       
[1,3]<stdout>:+-----------------------------------------------------------------------------+
[1,3]<stdout>:| NVIDIA-SMI 510.47.03    Driver Version: 510.47.03    CUDA Version: 11.6     |
[1,3]<stdout>:|-------------------------------+----------------------+----------------------+
[1,3]<stdout>:| GPU  Name        Persistence-M| Bus-Id        Disp.A | Volatile Uncorr. ECC |
[1,3]<stdout>:| Fan  Temp  Perf  Pwr:Usage/Cap|         Memory-Usage | GPU-Util  Compute M. |
[1,3]<stdout>:|                               |                      |               MIG M. |
[1,3]<stdout>:|===============================+======================+======================|
[1,2]<stdout>:|   0  Tesla V100-SXM2...  On   | 00000000:1A:00.0 Off |                    0 |
[1,2]<stdout>:| N/A   46C    P0    57W / 300W |   5130MiB / 16384MiB |     16%      Default |
[1,2]<stdout>:|                               |                      |                  N/A |
[1,2]<stdout>:+-------------------------------+----------------------+----------------------+
[1,1]<stdout>:|   0  Tesla V100-SXM2...  On   | 00000000:1A:00.0 Off |                    0 |
[1,1]<stdout>:| N/A   46C    P0    57W / 300W |   5130MiB / 16384MiB |     16%      Default |
[1,1]<stdout>:|                               |                      |                  N/A |
[1,1]<stdout>:+-------------------------------+----------------------+----------------------+
[1,0]<stdout>:|   0  Tesla V100-SXM2...  On   | 00000000:1A:00.0 Off |                    0 |
[1,0]<stdout>:| N/A   46C    P0    57W / 300W |   5130MiB / 16384MiB |     16%      Default |
[1,0]<stdout>:|                               |                      |                  N/A |
[1,0]<stdout>:+-------------------------------+----------------------+----------------------+
[1,3]<stdout>:|   0  Tesla V100-SXM2...  On   | 00000000:1A:00.0 Off |                    0 |
[1,3]<stdout>:| N/A   46C    P0    57W / 300W |   5130MiB / 16384MiB |     16%      Default |
[1,3]<stdout>:|                               |                      |                  N/A |
[1,3]<stdout>:+-------------------------------+----------------------+----------------------+
[1,2]<stdout>:|   1  Tesla V100-SXM2...  On   | 00000000:1C:00.0 Off |                    0 |
[1,2]<stdout>:| N/A   39C    P0    55W / 300W |   5130MiB / 16384MiB |      6%      Default |
[1,2]<stdout>:|                               |                      |                  N/A |
[1,2]<stdout>:+-------------------------------+----------------------+----------------------+
[1,1]<stdout>:|   1  Tesla V100-SXM2...  On   | 00000000:1C:00.0 Off |                    0 |
[1,1]<stdout>:| N/A   39C    P0    55W / 300W |   5130MiB / 16384MiB |      6%      Default |
[1,1]<stdout>:|                               |                      |                  N/A |
[1,1]<stdout>:+-------------------------------+----------------------+----------------------+
[1,0]<stdout>:|   1  Tesla V100-SXM2...  On   | 00000000:1C:00.0 Off |                    0 |
[1,0]<stdout>:| N/A   39C    P0    55W / 300W |   5130MiB / 16384MiB |      6%      Default |
[1,0]<stdout>:|                               |                      |                  N/A |
[1,0]<stdout>:+-------------------------------+----------------------+----------------------+
[1,3]<stdout>:|   1  Tesla V100-SXM2...  On   | 00000000:1C:00.0 Off |                    0 |
[1,3]<stdout>:| N/A   39C    P0    55W / 300W |   5130MiB / 16384MiB |      6%      Default |
[1,3]<stdout>:|                               |                      |                  N/A |
[1,3]<stdout>:+-------------------------------+----------------------+----------------------+
[1,2]<stdout>:|   2  Tesla V100-SXM2...  On   | 00000000:1D:00.0 Off |                    0 |
[1,2]<stdout>:| N/A   39C    P0    53W / 300W |   5130MiB / 16384MiB |     16%      Default |
[1,2]<stdout>:|                               |                      |                  N/A |
[1,2]<stdout>:+-------------------------------+----------------------+----------------------+
[1,1]<stdout>:|   2  Tesla V100-SXM2...  On   | 00000000:1D:00.0 Off |                    0 |
[1,1]<stdout>:| N/A   39C    P0    53W / 300W |   5130MiB / 16384MiB |     16%      Default |
[1,1]<stdout>:|                               |                      |                  N/A |
[1,1]<stdout>:+-------------------------------+----------------------+----------------------+
[1,0]<stdout>:|   2  Tesla V100-SXM2...  On   | 00000000:1D:00.0 Off |                    0 |
[1,0]<stdout>:| N/A   39C    P0    53W / 300W |   5130MiB / 16384MiB |     16%      Default |
[1,0]<stdout>:|                               |                      |                  N/A |
[1,0]<stdout>:+-------------------------------+----------------------+----------------------+
[1,3]<stdout>:|   2  Tesla V100-SXM2...  On   | 00000000:1D:00.0 Off |                    0 |
[1,3]<stdout>:| N/A   39C    P0    53W / 300W |   5130MiB / 16384MiB |      4%      Default |
[1,3]<stdout>:|                               |                      |                  N/A |
[1,3]<stdout>:+-------------------------------+----------------------+----------------------+
[1,2]<stdout>:|   3  Tesla V100-SXM2...  On   | 00000000:1E:00.0 Off |                    0 |
[1,2]<stdout>:| N/A   46C    P0    57W / 300W |   5130MiB / 16384MiB |      6%      Default |
[1,2]<stdout>:|                               |                      |                  N/A |
[1,2]<stdout>:+-------------------------------+----------------------+----------------------+
[1,2]<stdout>:                                                                               
[1,2]<stdout>:+-----------------------------------------------------------------------------+
[1,2]<stdout>:| Processes:                                                                  |
[1,2]<stdout>:|  GPU   GI   CI        PID   Type   Process name                  GPU Memory |
[1,2]<stdout>:|        ID   ID                                                   Usage      |
[1,2]<stdout>:|=============================================================================|
[1,2]<stdout>:|    0   N/A  N/A   2308829      C   python                           5127MiB |
[1,2]<stdout>:|    1   N/A  N/A   2308830      C   python                           5127MiB |
[1,1]<stdout>:|   3  Tesla V100-SXM2...  On   | 00000000:1E:00.0 Off |                    0 |
[1,1]<stdout>:| N/A   46C    P0    57W / 300W |   5130MiB / 16384MiB |      6%      Default |
[1,1]<stdout>:|                               |                      |                  N/A |
[1,1]<stdout>:+-------------------------------+----------------------+----------------------+
[1,2]<stdout>:|    2   N/A  N/A   2308831      C   python                           5127MiB |
[1,0]<stdout>:|   3  Tesla V100-SXM2...  On   | 00000000:1E:00.0 Off |                    0 |
[1,0]<stdout>:| N/A   46C    P0    57W / 300W |   5130MiB / 16384MiB |      6%      Default |
[1,0]<stdout>:|                               |                      |                  N/A |
[1,0]<stdout>:+-------------------------------+----------------------+----------------------+
[1,1]<stdout>:                                                                               
[1,1]<stdout>:+-----------------------------------------------------------------------------+
[1,1]<stdout>:| Processes:                                                                  |
[1,1]<stdout>:|  GPU   GI   CI        PID   Type   Process name                  GPU Memory |
[1,1]<stdout>:|        ID   ID                                                   Usage      |
[1,1]<stdout>:|=============================================================================|
[1,0]<stdout>:                                                                               
[1,0]<stdout>:+-----------------------------------------------------------------------------+
[1,0]<stdout>:| Processes:                                                                  |
[1,0]<stdout>:|  GPU   GI   CI        PID   Type   Process name                  GPU Memory |
[1,0]<stdout>:|        ID   ID                                                   Usage      |
[1,0]<stdout>:|=============================================================================|
[1,1]<stdout>:|    0   N/A  N/A   2308829      C   python                           5127MiB |
[1,2]<stdout>:|    3   N/A  N/A   2308832      C   python                           5127MiB |
[1,2]<stdout>:+-----------------------------------------------------------------------------+
[1,0]<stdout>:|    0   N/A  N/A   2308829      C   python                           5127MiB |
[1,1]<stdout>:|    1   N/A  N/A   2308830      C   python                           5127MiB |
[1,3]<stdout>:|   3  Tesla V100-SXM2...  On   | 00000000:1E:00.0 Off |                    0 |
[1,3]<stdout>:| N/A   46C    P0    57W / 300W |   5130MiB / 16384MiB |      6%      Default |
[1,3]<stdout>:|                               |                      |                  N/A |
[1,3]<stdout>:+-------------------------------+----------------------+----------------------+
[1,0]<stdout>:|    1   N/A  N/A   2308830      C   python                           5127MiB |
[1,3]<stdout>:                                                                               
[1,3]<stdout>:+-----------------------------------------------------------------------------+
[1,3]<stdout>:| Processes:                                                                  |
[1,3]<stdout>:|  GPU   GI   CI        PID   Type   Process name                  GPU Memory |
[1,3]<stdout>:|        ID   ID                                                   Usage      |
[1,3]<stdout>:|=============================================================================|
[1,1]<stdout>:|    2   N/A  N/A   2308831      C   python                           5127MiB |
[1,0]<stdout>:|    2   N/A  N/A   2308831      C   python                           5127MiB |
[1,3]<stdout>:|    0   N/A  N/A   2308829      C   python                           5127MiB |
[1,1]<stdout>:|    3   N/A  N/A   2308832      C   python                           5127MiB |
[1,1]<stdout>:+-----------------------------------------------------------------------------+
[1,0]<stdout>:|    3   N/A  N/A   2308832      C   python                           5127MiB |
[1,0]<stdout>:+-----------------------------------------------------------------------------+
[1,3]<stdout>:|    1   N/A  N/A   2308830      C   python                           5127MiB |
[1,3]<stdout>:|    2   N/A  N/A   2308831      C   python                           5127MiB |
[1,3]<stdout>:|    3   N/A  N/A   2308832      C   python                           5127MiB |
[1,3]<stdout>:+-----------------------------------------------------------------------------+
[1,2]<stdout>:0
[1,1]<stdout>:0
[1,0]<stdout>:0
[1,3]<stdout>:0
[1,0]<stdout>:399/399 - 26s - loss: 1.7154 - accuracy: 0.3063 - val_loss: 1.7394 - val_accuracy: 0.2937 - lr: 5.0000e-04 - 26s/epoch - 65ms/step
[1,0]<stdout>:Epoch 2/70
[1,0]<stdout>:399/399 - 10s - loss: 1.4957 - accuracy: 0.4114 - val_loss: 1.9421 - val_accuracy: 0.2721 - lr: 5.0000e-04 - 10s/epoch - 24ms/step
[1,0]<stdout>:Epoch 3/70
[1,0]<stdout>:399/399 - 12s - loss: 1.3579 - accuracy: 0.4624 - val_loss: 1.6774 - val_accuracy: 0.3444 - lr: 5.0000e-04 - 12s/epoch - 30ms/step
[1,0]<stdout>:Epoch 4/70
[1,0]<stdout>:399/399 - 11s - loss: 1.2792 - accuracy: 0.4959 - val_loss: 1.6142 - val_accuracy: 0.4058 - lr: 5.0000e-04 - 11s/epoch - 28ms/step
[1,0]<stdout>:Epoch 5/70
[1,0]<stdout>:399/399 - 9s - loss: 1.2288 - accuracy: 0.5129 - val_loss: 1.7302 - val_accuracy: 0.3649 - lr: 5.0000e-04 - 9s/epoch - 24ms/step
[1,0]<stdout>:Epoch 6/70
[1,0]<stdout>:399/399 - 9s - loss: 1.1951 - accuracy: 0.5299 - val_loss: 1.7912 - val_accuracy: 0.3218 - lr: 5.0000e-04 - 9s/epoch - 24ms/step
[1,0]<stdout>:Epoch 7/70
[1,0]<stdout>:399/399 - 9s - loss: 1.1647 - accuracy: 0.5410 - val_loss: 1.6476 - val_accuracy: 0.3751 - lr: 5.0000e-04 - 9s/epoch - 24ms/step
[1,0]<stdout>:Epoch 8/70
[1,0]<stdout>:399/399 - 9s - loss: 1.1359 - accuracy: 0.5500 - val_loss: 1.6783 - val_accuracy: 0.3714 - lr: 5.0000e-04 - 9s/epoch - 24ms/step
[1,0]<stdout>:Epoch 9/70
[1,0]<stdout>:399/399 - 9s - loss: 1.1140 - accuracy: 0.5600 - val_loss: 1.7386 - val_accuracy: 0.3242 - lr: 5.0000e-04 - 9s/epoch - 24ms/step
[1,0]<stdout>:Epoch 10/70
[1,0]<stdout>:399/399 - 9s - loss: 1.0849 - accuracy: 0.5712 - val_loss: 1.6431 - val_accuracy: 0.3927 - lr: 5.0000e-04 - 9s/epoch - 24ms/step
[1,0]<stdout>:Epoch 11/70
[1,0]<stdout>:399/399 - 9s - loss: 1.0748 - accuracy: 0.5748 - val_loss: 1.6479 - val_accuracy: 0.3858 - lr: 5.0000e-04 - 9s/epoch - 24ms/step
[1,0]<stdout>:Epoch 12/70
[1,0]<stdout>:399/399 - 11s - loss: 1.0497 - accuracy: 0.5862 - val_loss: 1.5449 - val_accuracy: 0.4260 - lr: 5.0000e-04 - 11s/epoch - 29ms/step
[1,0]<stdout>:Epoch 13/70
[1,0]<stdout>:399/399 - 11s - loss: 1.0282 - accuracy: 0.5932 - val_loss: 1.5205 - val_accuracy: 0.4248 - lr: 5.0000e-04 - 11s/epoch - 28ms/step
[1,0]<stdout>:Epoch 14/70
[1,0]<stdout>:399/399 - 11s - loss: 1.0072 - accuracy: 0.6037 - val_loss: 1.4659 - val_accuracy: 0.4304 - lr: 5.0000e-04 - 11s/epoch - 28ms/step
[1,0]<stdout>:Epoch 15/70
[1,0]<stdout>:399/399 - 9s - loss: 0.9897 - accuracy: 0.6109 - val_loss: 1.6226 - val_accuracy: 0.3919 - lr: 5.0000e-04 - 9s/epoch - 24ms/step
[1,0]<stdout>:Epoch 16/70
[1,0]<stdout>:399/399 - 10s - loss: 0.9653 - accuracy: 0.6196 - val_loss: 1.7433 - val_accuracy: 0.3640 - lr: 5.0000e-04 - 10s/epoch - 24ms/step
[1,0]<stdout>:Epoch 17/70
[1,0]<stdout>:399/399 - 10s - loss: 0.9476 - accuracy: 0.6270 - val_loss: 1.5425 - val_accuracy: 0.4261 - lr: 5.0000e-04 - 10s/epoch - 24ms/step
[1,0]<stdout>:Epoch 18/70
[1,0]<stdout>:399/399 - 10s - loss: 0.9278 - accuracy: 0.6369 - val_loss: 1.5247 - val_accuracy: 0.4364 - lr: 5.0000e-04 - 10s/epoch - 24ms/step
[1,0]<stdout>:Epoch 19/70
[1,0]<stdout>:399/399 - 9s - loss: 0.9067 - accuracy: 0.6445 - val_loss: 1.7709 - val_accuracy: 0.3786 - lr: 5.0000e-04 - 9s/epoch - 24ms/step
[1,0]<stdout>:Epoch 20/70
[1,0]<stdout>:399/399 - 11s - loss: 0.8840 - accuracy: 0.6510 - val_loss: 1.3356 - val_accuracy: 0.4992 - lr: 5.0000e-04 - 11s/epoch - 28ms/step
[1,0]<stdout>:Epoch 21/70
[1,0]<stdout>:399/399 - 10s - loss: 0.8743 - accuracy: 0.6579 - val_loss: 1.3796 - val_accuracy: 0.4816 - lr: 5.0000e-04 - 10s/epoch - 24ms/step
[1,0]<stdout>:Epoch 22/70
[1,0]<stdout>:399/399 - 10s - loss: 0.8512 - accuracy: 0.6680 - val_loss: 1.4930 - val_accuracy: 0.4378 - lr: 5.0000e-04 - 10s/epoch - 24ms/step
[1,0]<stdout>:Epoch 23/70
[1,0]<stdout>:399/399 - 10s - loss: 0.8324 - accuracy: 0.6750 - val_loss: 1.5622 - val_accuracy: 0.4563 - lr: 5.0000e-04 - 10s/epoch - 24ms/step
[1,0]<stdout>:Epoch 24/70
[1,0]<stdout>:399/399 - 10s - loss: 0.8131 - accuracy: 0.6866 - val_loss: 1.3962 - val_accuracy: 0.4851 - lr: 5.0000e-04 - 10s/epoch - 24ms/step
[1,0]<stdout>:Epoch 25/70
[1,0]<stdout>:399/399 - 9s - loss: 0.7864 - accuracy: 0.6942 - val_loss: 1.3697 - val_accuracy: 0.4942 - lr: 5.0000e-04 - 9s/epoch - 24ms/step
[1,0]<stdout>:Epoch 26/70
[1,0]<stdout>:399/399 - 10s - loss: 0.7681 - accuracy: 0.7029 - val_loss: 1.3439 - val_accuracy: 0.5005 - lr: 5.0000e-04 - 10s/epoch - 24ms/step
[1,0]<stdout>:Epoch 27/70
[1,0]<stdout>:399/399 - 9s - loss: 0.7495 - accuracy: 0.7080 - val_loss: 1.5138 - val_accuracy: 0.4716 - lr: 5.0000e-04 - 9s/epoch - 24ms/step
[1,0]<stdout>:Epoch 28/70
[1,0]<stdout>:399/399 - 9s - loss: 0.7287 - accuracy: 0.7151 - val_loss: 1.3940 - val_accuracy: 0.5156 - lr: 5.0000e-04 - 9s/epoch - 24ms/step
[1,0]<stdout>:Epoch 29/70
[1,0]<stdout>:399/399 - 10s - loss: 0.7112 - accuracy: 0.7265 - val_loss: 1.6098 - val_accuracy: 0.4574 - lr: 5.0000e-04 - 10s/epoch - 24ms/step
[1,0]<stdout>:Epoch 30/70
[1,0]<stdout>:399/399 - 9s - loss: 0.7045 - accuracy: 0.7269 - val_loss: 1.4601 - val_accuracy: 0.5025 - lr: 5.0000e-04 - 9s/epoch - 24ms/step
[1,0]<stdout>:Epoch 31/70
[1,0]<stdout>:399/399 - 9s - loss: 0.6794 - accuracy: 0.7366 - val_loss: 1.6074 - val_accuracy: 0.4667 - lr: 5.0000e-04 - 9s/epoch - 24ms/step
[1,0]<stdout>:Epoch 32/70
[1,0]<stdout>:399/399 - 10s - loss: 0.6655 - accuracy: 0.7406 - val_loss: 1.5739 - val_accuracy: 0.4841 - lr: 5.0000e-04 - 10s/epoch - 24ms/step
[1,0]<stdout>:Epoch 33/70
[1,0]<stdout>:399/399 - 9s - loss: 0.6481 - accuracy: 0.7506 - val_loss: 1.5601 - val_accuracy: 0.4952 - lr: 5.0000e-04 - 9s/epoch - 24ms/step
[1,0]<stdout>:Epoch 34/70
[1,0]<stdout>:399/399 - 9s - loss: 0.6320 - accuracy: 0.7557 - val_loss: 1.6093 - val_accuracy: 0.4883 - lr: 5.0000e-04 - 9s/epoch - 24ms/step
[1,0]<stdout>:Epoch 35/70
[1,0]<stdout>:399/399 - 9s - loss: 0.6244 - accuracy: 0.7583 - val_loss: 1.6858 - val_accuracy: 0.4650 - lr: 5.0000e-04 - 9s/epoch - 24ms/step
[1,0]<stdout>:Epoch 36/70
[1,0]<stdout>:399/399 - 9s - loss: 0.6022 - accuracy: 0.7684 - val_loss: 1.5450 - val_accuracy: 0.4944 - lr: 5.0000e-04 - 9s/epoch - 24ms/step
[1,0]<stdout>:Epoch 37/70
[1,0]<stdout>:399/399 - 10s - loss: 0.5852 - accuracy: 0.7739 - val_loss: 1.5742 - val_accuracy: 0.4937 - lr: 5.0000e-04 - 10s/epoch - 24ms/step
[1,0]<stdout>:Epoch 38/70
[1,0]<stdout>:399/399 - 9s - loss: 0.5651 - accuracy: 0.7832 - val_loss: 1.5754 - val_accuracy: 0.5103 - lr: 5.0000e-04 - 9s/epoch - 24ms/step
[1,0]<stdout>:Epoch 39/70
[1,0]<stdout>:399/399 - 10s - loss: 0.5667 - accuracy: 0.7821 - val_loss: 1.7211 - val_accuracy: 0.4707 - lr: 5.0000e-04 - 10s/epoch - 24ms/step
[1,0]<stdout>:Epoch 40/70
[1,0]<stdout>:399/399 - 10s - loss: 0.5439 - accuracy: 0.7912 - val_loss: 1.5765 - val_accuracy: 0.5023 - lr: 5.0000e-04 - 10s/epoch - 24ms/step
[1,0]<stdout>:Epoch 41/70
[1,0]<stdout>:399/399 - 9s - loss: 0.5368 - accuracy: 0.7938 - val_loss: 1.5885 - val_accuracy: 0.5001 - lr: 5.0000e-04 - 9s/epoch - 24ms/step
[1,0]<stdout>:Epoch 42/70
[1,0]<stdout>:399/399 - 9s - loss: 0.5204 - accuracy: 0.7975 - val_loss: 1.6455 - val_accuracy: 0.5026 - lr: 5.0000e-04 - 9s/epoch - 24ms/step
[1,0]<stdout>:Epoch 43/70
[1,0]<stdout>:399/399 - 9s - loss: 0.5083 - accuracy: 0.8029 - val_loss: 1.5232 - val_accuracy: 0.5152 - lr: 5.0000e-04 - 9s/epoch - 24ms/step
[1,0]<stdout>:Epoch 44/70
[1,0]<stdout>:399/399 - 9s - loss: 0.4983 - accuracy: 0.8072 - val_loss: 1.5234 - val_accuracy: 0.5126 - lr: 5.0000e-04 - 9s/epoch - 24ms/step
[1,0]<stdout>:Epoch 45/70
[1,0]<stdout>:399/399 - 10s - loss: 0.4866 - accuracy: 0.8126 - val_loss: 1.6740 - val_accuracy: 0.4900 - lr: 5.0000e-04 - 10s/epoch - 24ms/step
[1,0]<stdout>:Epoch 46/70
[1,0]<stdout>:399/399 - 9s - loss: 0.4760 - accuracy: 0.8161 - val_loss: 1.5606 - val_accuracy: 0.5107 - lr: 5.0000e-04 - 9s/epoch - 24ms/step
[1,0]<stdout>:Epoch 47/70
[1,0]<stdout>:399/399 - 9s - loss: 0.4618 - accuracy: 0.8227 - val_loss: 1.6781 - val_accuracy: 0.5108 - lr: 5.0000e-04 - 9s/epoch - 24ms/step
[1,0]<stdout>:Epoch 48/70
[1,0]<stdout>:399/399 - 9s - loss: 0.4537 - accuracy: 0.8263 - val_loss: 1.5902 - val_accuracy: 0.5079 - lr: 5.0000e-04 - 9s/epoch - 24ms/step
[1,0]<stdout>:Epoch 49/70
[1,0]<stdout>:399/399 - 9s - loss: 0.4501 - accuracy: 0.8273 - val_loss: 1.5990 - val_accuracy: 0.5182 - lr: 5.0000e-04 - 9s/epoch - 24ms/step
[1,0]<stdout>:Epoch 50/70
[1,0]<stdout>:399/399 - 9s - loss: 0.4333 - accuracy: 0.8329 - val_loss: 1.6453 - val_accuracy: 0.5192 - lr: 5.0000e-04 - 9s/epoch - 24ms/step
[1,0]<stdout>:Epoch 51/70
[1,0]<stdout>:399/399 - 9s - loss: 0.4247 - accuracy: 0.8394 - val_loss: 1.6388 - val_accuracy: 0.5263 - lr: 5.0000e-04 - 9s/epoch - 24ms/step
[1,0]<stdout>:Epoch 52/70
[1,0]<stdout>:399/399 - 10s - loss: 0.4112 - accuracy: 0.8417 - val_loss: 1.6914 - val_accuracy: 0.5178 - lr: 5.0000e-04 - 10s/epoch - 24ms/step
[1,0]<stdout>:Epoch 53/70
[1,0]<stdout>:399/399 - 9s - loss: 0.4019 - accuracy: 0.8460 - val_loss: 1.7232 - val_accuracy: 0.5097 - lr: 5.0000e-04 - 9s/epoch - 24ms/step
[1,0]<stdout>:Epoch 54/70
[1,0]<stdout>:399/399 - 9s - loss: 0.3851 - accuracy: 0.8528 - val_loss: 1.5640 - val_accuracy: 0.5373 - lr: 5.0000e-04 - 9s/epoch - 24ms/step
[1,0]<stdout>:Epoch 55/70
[1,0]<stdout>:399/399 - 9s - loss: 0.3757 - accuracy: 0.8528 - val_loss: 1.7104 - val_accuracy: 0.5038 - lr: 5.0000e-04 - 9s/epoch - 24ms/step
[1,0]<stdout>:Epoch 56/70
[1,0]<stdout>:399/399 - 10s - loss: 0.3651 - accuracy: 0.8597 - val_loss: 1.6576 - val_accuracy: 0.5177 - lr: 5.0000e-04 - 10s/epoch - 24ms/step
[1,0]<stdout>:Epoch 57/70
[1,0]<stdout>:399/399 - 9s - loss: 0.3701 - accuracy: 0.8598 - val_loss: 1.8078 - val_accuracy: 0.4886 - lr: 5.0000e-04 - 9s/epoch - 24ms/step
[1,0]<stdout>:Epoch 58/70
[1,0]<stdout>:399/399 - 10s - loss: 0.3604 - accuracy: 0.8624 - val_loss: 1.8120 - val_accuracy: 0.4942 - lr: 5.0000e-04 - 10s/epoch - 24ms/step
[1,0]<stdout>:Epoch 59/70
[1,0]<stdout>:399/399 - 10s - loss: 0.3431 - accuracy: 0.8704 - val_loss: 1.7908 - val_accuracy: 0.4952 - lr: 5.0000e-04 - 10s/epoch - 24ms/step
[1,0]<stdout>:Epoch 60/70
[1,0]<stdout>:399/399 - 9s - loss: 0.3404 - accuracy: 0.8699 - val_loss: 1.7363 - val_accuracy: 0.5232 - lr: 5.0000e-04 - 9s/epoch - 24ms/step
[1,0]<stdout>:Epoch 61/70
[1,0]<stdout>:399/399 - 9s - loss: 0.3302 - accuracy: 0.8751 - val_loss: 1.8619 - val_accuracy: 0.5048 - lr: 5.0000e-04 - 9s/epoch - 24ms/step
[1,0]<stdout>:Epoch 62/70
[1,0]<stdout>:399/399 - 10s - loss: 0.3293 - accuracy: 0.8728 - val_loss: 1.7156 - val_accuracy: 0.5126 - lr: 5.0000e-04 - 10s/epoch - 24ms/step
[1,0]<stdout>:Epoch 63/70
[1,0]<stdout>:399/399 - 9s - loss: 0.3065 - accuracy: 0.8836 - val_loss: 1.7372 - val_accuracy: 0.5053 - lr: 5.0000e-04 - 9s/epoch - 24ms/step
[1,0]<stdout>:Epoch 64/70
[1,0]<stdout>:399/399 - 9s - loss: 0.3051 - accuracy: 0.8821 - val_loss: 1.7973 - val_accuracy: 0.5370 - lr: 5.0000e-04 - 9s/epoch - 24ms/step
[1,0]<stdout>:Epoch 65/70
[1,0]<stdout>:399/399 - 9s - loss: 0.3016 - accuracy: 0.8837 - val_loss: 1.7090 - val_accuracy: 0.5387 - lr: 5.0000e-04 - 9s/epoch - 24ms/step
[1,0]<stdout>:Epoch 66/70
[1,0]<stdout>:399/399 - 9s - loss: 0.3010 - accuracy: 0.8850 - val_loss: 1.7706 - val_accuracy: 0.5158 - lr: 5.0000e-04 - 9s/epoch - 24ms/step
[1,0]<stdout>:Epoch 67/70
[1,0]<stdout>:399/399 - 9s - loss: 0.2915 - accuracy: 0.8911 - val_loss: 1.7880 - val_accuracy: 0.5282 - lr: 5.0000e-04 - 9s/epoch - 24ms/step
[1,0]<stdout>:Epoch 68/70
[1,0]<stdout>:399/399 - 10s - loss: 0.2736 - accuracy: 0.8947 - val_loss: 1.8697 - val_accuracy: 0.5200 - lr: 5.0000e-04 - 10s/epoch - 24ms/step
[1,0]<stdout>:Epoch 69/70
[1,0]<stdout>:399/399 - 9s - loss: 0.2778 - accuracy: 0.8941 - val_loss: 1.9516 - val_accuracy: 0.5044 - lr: 5.0000e-04 - 9s/epoch - 23ms/step
[1,0]<stdout>:Epoch 70/70
[1,0]<stdout>:399/399 - 10s - loss: 0.2614 - accuracy: 0.8993 - val_loss: 1.8255 - val_accuracy: 0.5189 - lr: 5.0000e-04 - 10s/epoch - 24ms/step
[1,0]<stdout>:Tue Oct 18 10:59:17 2022       
[1,0]<stdout>:+-----------------------------------------------------------------------------+
[1,0]<stdout>:| NVIDIA-SMI 510.47.03    Driver Version: 510.47.03    CUDA Version: 11.6     |
[1,0]<stdout>:|-------------------------------+----------------------+----------------------+
[1,0]<stdout>:| GPU  Name        Persistence-M| Bus-Id        Disp.A | Volatile Uncorr. ECC |
[1,0]<stdout>:| Fan  Temp  Perf  Pwr:Usage/Cap|         Memory-Usage | GPU-Util  Compute M. |
[1,0]<stdout>:|                               |                      |               MIG M. |
[1,0]<stdout>:|===============================+======================+======================|
[1,0]<stdout>:|   0  Tesla V100-SXM2...  On   | 00000000:1A:00.0 Off |                    0 |
[1,0]<stdout>:| N/A   51C    P0    58W / 300W |   5130MiB / 16384MiB |      6%      Default |
[1,0]<stdout>:|                               |                      |                  N/A |
[1,0]<stdout>:+-------------------------------+----------------------+----------------------+
[1,0]<stdout>:|   1  Tesla V100-SXM2...  On   | 00000000:1C:00.0 Off |                    0 |
[1,0]<stdout>:| N/A   42C    P0    56W / 300W |   5130MiB / 16384MiB |      4%      Default |
[1,0]<stdout>:|                               |                      |                  N/A |
[1,0]<stdout>:+-------------------------------+----------------------+----------------------+
[1,0]<stdout>:|   2  Tesla V100-SXM2...  On   | 00000000:1D:00.0 Off |                    0 |
[1,0]<stdout>:| N/A   41C    P0    54W / 300W |   5130MiB / 16384MiB |      4%      Default |
[1,0]<stdout>:|                               |                      |                  N/A |
[1,0]<stdout>:+-------------------------------+----------------------+----------------------+
[1,0]<stdout>:|   3  Tesla V100-SXM2...  On   | 00000000:1E:00.0 Off |                    0 |
[1,0]<stdout>:| N/A   50C    P0    59W / 300W |   5130MiB / 16384MiB |      4%      Default |
[1,0]<stdout>:|                               |                      |                  N/A |
[1,0]<stdout>:+-------------------------------+----------------------+----------------------+
[1,0]<stdout>:                                                                               
[1,0]<stdout>:+-----------------------------------------------------------------------------+
[1,0]<stdout>:| Processes:                                                                  |
[1,0]<stdout>:|  GPU   GI   CI        PID   Type   Process name                  GPU Memory |
[1,0]<stdout>:|        ID   ID                                                   Usage      |
[1,0]<stdout>:|=============================================================================|
[1,0]<stdout>:|    0   N/A  N/A   2308829      C   python                           5127MiB |
[1,0]<stdout>:|    1   N/A  N/A   2308830      C   python                           5127MiB |
[1,0]<stdout>:|    2   N/A  N/A   2308831      C   python                           5127MiB |
[1,0]<stdout>:|    3   N/A  N/A   2308832      C   python                           5127MiB |
[1,0]<stdout>:+-----------------------------------------------------------------------------+
[1,0]<stdout>:0
[1,0]<stdout>:  1/114 [..............................] - ETA: 6s - loss: 2.1036 - accuracy: 0.4375[1,0]<stdout>:  3/114 [..............................] - ETA: 3s - loss: 2.3940 - accuracy: 0.4167[1,0]<stdout>:  5/114 [>.............................] - ETA: 3s - loss: 2.3003 - accuracy: 0.4625[1,0]<stdout>:  7/114 [>.............................] - ETA: 3s - loss: 2.4055 - accuracy: 0.4554[1,0]<stdout>:  9/114 [=>............................] - ETA: 3s - loss: 2.3673 - accuracy: 0.4583[1,0]<stdout>: 11/114 [=>............................] - ETA: 3s - loss: 2.3343 - accuracy: 0.4489[1,0]<stdout>: 13/114 [==>...........................] - ETA: 3s - loss: 2.2138 - accuracy: 0.4663[1,0]<stdout>: 15/114 [==>...........................] - ETA: 3s - loss: 2.2039 - accuracy: 0.4708[1,0]<stdout>: 17/114 [===>..........................] - ETA: 3s - loss: 2.0772 - accuracy: 0.4926[1,0]<stdout>: 19/114 [====>.........................] - ETA: 2s - loss: 2.1062 - accuracy: 0.4803[1,0]<stdout>: 21/114 [====>.........................] - ETA: 2s - loss: 2.0901 - accuracy: 0.4762[1,0]<stdout>: 23/114 [=====>........................] - ETA: 2s - loss: 2.0335 - accuracy: 0.4864[1,0]<stdout>: 25/114 [=====>........................] - ETA: 2s - loss: 2.0382 - accuracy: 0.4900[1,0]<stdout>: 27/114 [======>.......................] - ETA: 2s - loss: 2.0322 - accuracy: 0.5000[1,0]<stdout>: 29/114 [======>.......................] - ETA: 2s - loss: 1.9924 - accuracy: 0.5022[1,0]<stdout>: 31/114 [=======>......................] - ETA: 2s - loss: 1.9607 - accuracy: 0.5060[1,0]<stdout>: 33/114 [=======>......................] - ETA: 2s - loss: 1.9339 - accuracy: 0.5152[1,0]<stdout>: 35/114 [========>.....................] - ETA: 2s - loss: 1.9242 - accuracy: 0.5143[1,0]<stdout>: 37/114 [========>.....................] - ETA: 2s - loss: 1.9253 - accuracy: 0.5101[1,0]<stdout>: 39/114 [=========>....................] - ETA: 2s - loss: 1.9075 - accuracy: 0.5096[1,0]<stdout>: 41/114 [=========>....................] - ETA: 2s - loss: 1.8963 - accuracy: 0.5091[1,0]<stdout>: 43/114 [==========>...................] - ETA: 2s - loss: 1.8974 - accuracy: 0.5058[1,0]<stdout>: 45/114 [==========>...................] - ETA: 2s - loss: 1.9151 - accuracy: 0.4986[1,0]<stdout>: 47/114 [===========>..................] - ETA: 2s - loss: 1.9240 - accuracy: 0.4987[1,0]<stdout>: 49/114 [===========>..................] - ETA: 1s - loss: 1.9361 - accuracy: 0.4987[1,0]<stdout>: 51/114 [============>.................] - ETA: 1s - loss: 1.9523 - accuracy: 0.4975[1,0]<stdout>: 53/114 [============>.................] - ETA: 1s - loss: 1.9499 - accuracy: 0.4953[1,0]<stdout>: 55/114 [=============>................] - ETA: 1s - loss: 1.9554 - accuracy: 0.4920[1,0]<stdout>: 57/114 [==============>...............] - ETA: 1s - loss: 1.9448 - accuracy: 0.4945[1,0]<stdout>: 59/114 [==============>...............] - ETA: 1s - loss: 1.9625 - accuracy: 0.4894[1,0]<stdout>: 61/114 [===============>..............] - ETA: 1s - loss: 1.9635 - accuracy: 0.4887[1,0]<stdout>: 63/114 [===============>..............] - ETA: 1s - loss: 1.9369 - accuracy: 0.4940[1,0]<stdout>: 65/114 [================>.............] - ETA: 1s - loss: 1.9163 - accuracy: 0.4990[1,0]<stdout>: 67/114 [================>.............] - ETA: 1s - loss: 1.9134 - accuracy: 0.5000[1,0]<stdout>: 69/114 [=================>............] - ETA: 1s - loss: 1.9214 - accuracy: 0.5036[1,0]<stdout>: 71/114 [=================>............] - ETA: 1s - loss: 1.9155 - accuracy: 0.5044[1,0]<stdout>: 73/114 [==================>...........] - ETA: 1s - loss: 1.9184 - accuracy: 0.5060[1,0]<stdout>: 75/114 [==================>...........] - ETA: 1s - loss: 1.9230 - accuracy: 0.5017[1,0]<stdout>: 77/114 [===================>..........] - ETA: 1s - loss: 1.9075 - accuracy: 0.5049[1,0]<stdout>: 79/114 [===================>..........] - ETA: 1s - loss: 1.9334 - accuracy: 0.5032[1,0]<stdout>: 81/114 [====================>.........] - ETA: 1s - loss: 1.9322 - accuracy: 0.5054[1,0]<stdout>: 83/114 [====================>.........] - ETA: 0s - loss: 1.9254 - accuracy: 0.5075[1,0]<stdout>: 85/114 [=====================>........] - ETA: 0s - loss: 1.9399 - accuracy: 0.5059[1,0]<stdout>: 87/114 [=====================>........] - ETA: 0s - loss: 1.9368 - accuracy: 0.5043[1,0]<stdout>: 89/114 [======================>.......] - ETA: 0s - loss: 1.9315 - accuracy: 0.5056[1,0]<stdout>: 91/114 [======================>.......] - ETA: 0s - loss: 1.9227 - accuracy: 0.5076[1,0]<stdout>: 93/114 [=======================>......] - ETA: 0s - loss: 1.9328 - accuracy: 0.5047[1,0]<stdout>: 95/114 [========================>.....] - ETA: 0s - loss: 1.9304 - accuracy: 0.5046[1,0]<stdout>: 97/114 [========================>.....] - ETA: 0s - loss: 1.9125 - accuracy: 0.5064[1,0]<stdout>: 99/114 [=========================>....] - ETA: 0s - loss: 1.9048 - accuracy: 0.5057[1,0]<stdout>:101/114 [=========================>....] - ETA: 0s - loss: 1.8962 - accuracy: 0.5087[1,0]<stdout>:103/114 [==========================>...] - ETA: 0s - loss: 1.8898 - accuracy: 0.5103[1,0]<stdout>:105/114 [==========================>...] - ETA: 0s - loss: 1.8923 - accuracy: 0.5101[1,0]<stdout>:107/114 [===========================>..] - ETA: 0s - loss: 1.9008 - accuracy: 0.5058[1,0]<stdout>:109/114 [===========================>..] - ETA: 0s - loss: 1.8990 - accuracy: 0.5075[1,0]<stdout>:111/114 [============================>.] - ETA: 0s - loss: 1.8896 - accuracy: 0.5107[1,0]<stdout>:113/114 [============================>.] - ETA: 0s - loss: 1.8773 - accuracy: 0.5122[1,0]<stdout>:114/114 [==============================] - 3s 30ms/step - loss: 1.8716 - accuracy: 0.5126
[1,0]<stdout>:Accuracy of our model on test data :  51.260966062545776 %
[1,0]<stdout>:              precision    recall  f1-score   support
[1,0]<stdout>:
[1,0]<stdout>:       angry       0.49      0.82      0.61       284
[1,0]<stdout>:        calm       1.00      0.07      0.12        30
[1,0]<stdout>:     disgust       0.36      0.58      0.45       289
[1,0]<stdout>:        fear       0.69      0.35      0.46       289
[1,0]<stdout>:       happy       0.59      0.39      0.47       289
[1,0]<stdout>:     neutral       0.46      0.61      0.52       256
[1,0]<stdout>:         sad       0.84      0.30      0.44       289
[1,0]<stdout>:    surprise       0.83      0.77      0.80        99
[1,0]<stdout>:
[1,0]<stdout>:    accuracy                           0.51      1825
[1,0]<stdout>:   macro avg       0.66      0.49      0.48      1825
[1,0]<stdout>:weighted avg       0.59      0.51      0.50      1825
[1,0]<stdout>:
