[1,3]<stderr>:2022-10-18 10:47:42.993317: I tensorflow/core/platform/cpu_feature_guard.cc:151] This TensorFlow binary is optimized with oneAPI Deep Neural Network Library (oneDNN) to use the following CPU instructions in performance-critical operations:  AVX2 AVX512F FMA
[1,3]<stderr>:To enable them in other operations, rebuild TensorFlow with the appropriate compiler flags.
[1,0]<stderr>:2022-10-18 10:47:42.993316: I tensorflow/core/platform/cpu_feature_guard.cc:151] This TensorFlow binary is optimized with oneAPI Deep Neural Network Library (oneDNN) to use the following CPU instructions in performance-critical operations:  AVX2 AVX512F FMA
[1,0]<stderr>:To enable them in other operations, rebuild TensorFlow with the appropriate compiler flags.
[1,1]<stderr>:2022-10-18 10:47:42.993317: I tensorflow/core/platform/cpu_feature_guard.cc:151] This TensorFlow binary is optimized with oneAPI Deep Neural Network Library (oneDNN) to use the following CPU instructions in performance-critical operations:  AVX2 AVX512F FMA
[1,1]<stderr>:To enable them in other operations, rebuild TensorFlow with the appropriate compiler flags.
[1,2]<stderr>:2022-10-18 10:47:42.993320: I tensorflow/core/platform/cpu_feature_guard.cc:151] This TensorFlow binary is optimized with oneAPI Deep Neural Network Library (oneDNN) to use the following CPU instructions in performance-critical operations:  AVX2 AVX512F FMA
[1,2]<stderr>:To enable them in other operations, rebuild TensorFlow with the appropriate compiler flags.
[1,3]<stderr>:2022-10-18 10:47:44.396433: I tensorflow/core/common_runtime/gpu/gpu_device.cc:1525] Created device /job:localhost/replica:0/task:0/device:GPU:0 with 14640 MB memory:  -> device: 3, name: Tesla V100-SXM2-16GB, pci bus id: 0000:1e:00.0, compute capability: 7.0
[1,2]<stderr>:2022-10-18 10:47:44.398075: I tensorflow/core/common_runtime/gpu/gpu_device.cc:1525] Created device /job:localhost/replica:0/task:0/device:GPU:0 with 14640 MB memory:  -> device: 2, name: Tesla V100-SXM2-16GB, pci bus id: 0000:1d:00.0, compute capability: 7.0
[1,1]<stderr>:2022-10-18 10:47:44.417623: I tensorflow/core/common_runtime/gpu/gpu_device.cc:1525] Created device /job:localhost/replica:0/task:0/device:GPU:0 with 14640 MB memory:  -> device: 1, name: Tesla V100-SXM2-16GB, pci bus id: 0000:1c:00.0, compute capability: 7.0
[1,0]<stderr>:2022-10-18 10:47:44.441819: I tensorflow/core/common_runtime/gpu/gpu_device.cc:1525] Created device /job:localhost/replica:0/task:0/device:GPU:0 with 14640 MB memory:  -> device: 0, name: Tesla V100-SXM2-16GB, pci bus id: 0000:1a:00.0, compute capability: 7.0
[1,1]<stderr>:2022-10-18 10:47:49.276877: I tensorflow/stream_executor/cuda/cuda_dnn.cc:368] Loaded cuDNN version 8101
[1,0]<stderr>:2022-10-18 10:47:49.298718: I tensorflow/stream_executor/cuda/cuda_dnn.cc:368] Loaded cuDNN version 8101
[1,2]<stderr>:2022-10-18 10:47:49.369477: I tensorflow/stream_executor/cuda/cuda_dnn.cc:368] Loaded cuDNN version 8101
[1,3]<stderr>:2022-10-18 10:47:49.383593: I tensorflow/stream_executor/cuda/cuda_dnn.cc:368] Loaded cuDNN version 8101
[1,3]<stderr>:WARNING:tensorflow:Callback method `on_train_batch_end` is slow compared to the batch time (batch time: 0.0281s vs `on_train_batch_end` time: 0.0564s). Check your callbacks.
[1,1]<stderr>:WARNING:tensorflow:Callback method `on_train_batch_end` is slow compared to the batch time (batch time: 0.0277s vs `on_train_batch_end` time: 0.0565s). Check your callbacks.
[1,0]<stderr>:WARNING:tensorflow:Callback method `on_train_batch_end` is slow compared to the batch time (batch time: 0.0278s vs `on_train_batch_end` time: 0.0566s). Check your callbacks.
[1,2]<stderr>:WARNING:tensorflow:Callback method `on_train_batch_end` is slow compared to the batch time (batch time: 0.0282s vs `on_train_batch_end` time: 0.0564s). Check your callbacks.
[1,0]<stderr>:2022-10-18 10:48:10.017816: W tensorflow/python/util/util.cc:368] Sets are not currently considered sequences, but this may change in the future, so consider avoiding using them.
