[1,0]<stdout>:Total GPUs available: 4
[1,0]<stdout>:Hi I am a GPU and my rank is: 0
[1,3]<stdout>:Total GPUs available: 4
[1,1]<stdout>:Total GPUs available: 4
[1,1]<stdout>:Hi I am a GPU and my rank is: 1
[1,3]<stdout>:Hi I am a GPU and my rank is: 3
[1,2]<stdout>:Total GPUs available: 4
[1,2]<stdout>:Hi I am a GPU and my rank is: 2
[1,0]<stdout>:[PhysicalDevice(name='/physical_device:GPU:0', device_type='GPU'), PhysicalDevice(name='/physical_device:GPU:1', device_type='GPU'), PhysicalDevice(name='/physical_device:GPU:2', device_type='GPU'), PhysicalDevice(name='/physical_device:GPU:3', device_type='GPU')]
[1,2]<stdout>:[PhysicalDevice(name='/physical_device:GPU:0', device_type='GPU'), PhysicalDevice(name='/physical_device:GPU:1', device_type='GPU'), PhysicalDevice(name='/physical_device:GPU:2', device_type='GPU'), PhysicalDevice(name='/physical_device:GPU:3', device_type='GPU')]
[1,3]<stdout>:[PhysicalDevice(name='/physical_device:GPU:0', device_type='GPU'), PhysicalDevice(name='/physical_device:GPU:1', device_type='GPU'), PhysicalDevice(name='/physical_device:GPU:2', device_type='GPU'), PhysicalDevice(name='/physical_device:GPU:3', device_type='GPU')]
[1,1]<stdout>:[PhysicalDevice(name='/physical_device:GPU:0', device_type='GPU'), PhysicalDevice(name='/physical_device:GPU:1', device_type='GPU'), PhysicalDevice(name='/physical_device:GPU:2', device_type='GPU'), PhysicalDevice(name='/physical_device:GPU:3', device_type='GPU')]
[1,3]<stdout>:loaded models
[1,0]<stdout>:loaded models
[1,1]<stdout>:loaded models
[1,2]<stdout>:loaded models
[1,1]<stdout>:loaded model weights
[1,0]<stdout>:loaded model weights
[1,3]<stdout>:loaded model weights
[1,2]<stdout>:loaded model weights
[1,0]<stdout>:changed model trainability status
[1,3]<stdout>:changed model trainability status
[1,1]<stdout>:changed model trainability status
[1,2]<stdout>:changed model trainability status
[1,0]<stdout>:compiled model
[1,3]<stdout>:compiled model
[1,2]<stdout>:compiled model
[1,1]<stdout>:compiled model
[1,1]<stdout>:Tue Oct 18 10:21:53 2022       
[1,1]<stdout>:+-----------------------------------------------------------------------------+
[1,1]<stdout>:| NVIDIA-SMI 510.47.03    Driver Version: 510.47.03    CUDA Version: 11.6     |
[1,1]<stdout>:|-------------------------------+----------------------+----------------------+
[1,1]<stdout>:| GPU  Name        Persistence-M| Bus-Id        Disp.A | Volatile Uncorr. ECC |
[1,1]<stdout>:| Fan  Temp  Perf  Pwr:Usage/Cap|         Memory-Usage | GPU-Util  Compute M. |
[1,1]<stdout>:|                               |                      |               MIG M. |
[1,1]<stdout>:|===============================+======================+======================|
[1,1]<stdout>:|   0  Tesla V100-SXM2...  On   | 00000000:18:00.0 Off |                    0 |
[1,1]<stdout>:| N/A   39C    P0    53W / 300W |    532MiB / 32768MiB |      0%      Default |
[1,1]<stdout>:|                               |                      |                  N/A |
[1,1]<stdout>:+-------------------------------+----------------------+----------------------+
[1,1]<stdout>:|   1  Tesla V100-SXM2...  On   | 00000000:3B:00.0 Off |                    0 |
[1,1]<stdout>:| N/A   36C    P0    55W / 300W |    532MiB / 32768MiB |      0%      Default |
[1,1]<stdout>:|                               |                      |                  N/A |
[1,1]<stdout>:+-------------------------------+----------------------+----------------------+
[1,1]<stdout>:|   2  Tesla V100-SXM2...  On   | 00000000:86:00.0 Off |                    0 |
[1,1]<stdout>:| N/A   38C    P0    55W / 300W |    532MiB / 32768MiB |      0%      Default |
[1,1]<stdout>:|                               |                      |                  N/A |
[1,1]<stdout>:+-------------------------------+----------------------+----------------------+
[1,1]<stdout>:|   3  Tesla V100-SXM2...  On   | 00000000:AF:00.0 Off |                    0 |
[1,1]<stdout>:| N/A   45C    P0    56W / 300W |    532MiB / 32768MiB |      0%      Default |
[1,1]<stdout>:|                               |                      |                  N/A |
[1,1]<stdout>:+-------------------------------+----------------------+----------------------+
[1,1]<stdout>:                                                                               
[1,1]<stdout>:+-----------------------------------------------------------------------------+
[1,1]<stdout>:| Processes:                                                                  |
[1,1]<stdout>:|  GPU   GI   CI        PID   Type   Process name                  GPU Memory |
[1,1]<stdout>:|        ID   ID                                                   Usage      |
[1,1]<stdout>:|=============================================================================|
[1,1]<stdout>:|    0   N/A  N/A   2731888      C   python                            529MiB |
[1,1]<stdout>:|    1   N/A  N/A   2731889      C   python                            529MiB |
[1,1]<stdout>:|    2   N/A  N/A   2731890      C   python                            529MiB |
[1,1]<stdout>:|    3   N/A  N/A   2731891      C   python                            529MiB |
[1,1]<stdout>:+-----------------------------------------------------------------------------+
[1,1]<stdout>:0
[1,0]<stdout>:Tue Oct 18 10:21:53 2022       
[1,0]<stdout>:+-----------------------------------------------------------------------------+
[1,0]<stdout>:| NVIDIA-SMI 510.47.03    Driver Version: 510.47.03    CUDA Version: 11.6     |
[1,0]<stdout>:|-------------------------------+----------------------+----------------------+
[1,0]<stdout>:| GPU  Name        Persistence-M| Bus-Id        Disp.A | Volatile Uncorr. ECC |
[1,0]<stdout>:| Fan  Temp  Perf  Pwr:Usage/Cap|         Memory-Usage | GPU-Util  Compute M. |
[1,0]<stdout>:|                               |                      |               MIG M. |
[1,0]<stdout>:|===============================+======================+======================|
[1,3]<stdout>:Tue Oct 18 10:21:53 2022       
[1,3]<stdout>:+-----------------------------------------------------------------------------+
[1,3]<stdout>:| NVIDIA-SMI 510.47.03    Driver Version: 510.47.03    CUDA Version: 11.6     |
[1,3]<stdout>:|-------------------------------+----------------------+----------------------+
[1,3]<stdout>:| GPU  Name        Persistence-M| Bus-Id        Disp.A | Volatile Uncorr. ECC |
[1,3]<stdout>:| Fan  Temp  Perf  Pwr:Usage/Cap|         Memory-Usage | GPU-Util  Compute M. |
[1,3]<stdout>:|                               |                      |               MIG M. |
[1,3]<stdout>:|===============================+======================+======================|
[1,2]<stdout>:Tue Oct 18 10:21:53 2022       
[1,2]<stdout>:+-----------------------------------------------------------------------------+
[1,2]<stdout>:| NVIDIA-SMI 510.47.03    Driver Version: 510.47.03    CUDA Version: 11.6     |
[1,2]<stdout>:|-------------------------------+----------------------+----------------------+
[1,2]<stdout>:| GPU  Name        Persistence-M| Bus-Id        Disp.A | Volatile Uncorr. ECC |
[1,2]<stdout>:| Fan  Temp  Perf  Pwr:Usage/Cap|         Memory-Usage | GPU-Util  Compute M. |
[1,2]<stdout>:|                               |                      |               MIG M. |
[1,2]<stdout>:|===============================+======================+======================|
[1,0]<stdout>:|   0  Tesla V100-SXM2...  On   | 00000000:18:00.0 Off |                    0 |
[1,0]<stdout>:| N/A   39C    P0    53W / 300W |    532MiB / 32768MiB |      0%      Default |
[1,0]<stdout>:|                               |                      |                  N/A |
[1,0]<stdout>:+-------------------------------+----------------------+----------------------+
[1,2]<stdout>:|   0  Tesla V100-SXM2...  On   | 00000000:18:00.0 Off |                    0 |
[1,2]<stdout>:| N/A   39C    P0    53W / 300W |    532MiB / 32768MiB |      0%      Default |
[1,2]<stdout>:|                               |                      |                  N/A |
[1,2]<stdout>:+-------------------------------+----------------------+----------------------+
[1,3]<stdout>:|   0  Tesla V100-SXM2...  On   | 00000000:18:00.0 Off |                    0 |
[1,3]<stdout>:| N/A   39C    P0    53W / 300W |    532MiB / 32768MiB |      0%      Default |
[1,3]<stdout>:|                               |                      |                  N/A |
[1,3]<stdout>:+-------------------------------+----------------------+----------------------+
[1,0]<stdout>:|   1  Tesla V100-SXM2...  On   | 00000000:3B:00.0 Off |                    0 |
[1,0]<stdout>:| N/A   36C    P0    55W / 300W |    532MiB / 32768MiB |      0%      Default |
[1,0]<stdout>:|                               |                      |                  N/A |
[1,0]<stdout>:+-------------------------------+----------------------+----------------------+
[1,2]<stdout>:|   1  Tesla V100-SXM2...  On   | 00000000:3B:00.0 Off |                    0 |
[1,2]<stdout>:| N/A   36C    P0    55W / 300W |    532MiB / 32768MiB |      0%      Default |
[1,2]<stdout>:|                               |                      |                  N/A |
[1,2]<stdout>:+-------------------------------+----------------------+----------------------+
[1,3]<stdout>:|   1  Tesla V100-SXM2...  On   | 00000000:3B:00.0 Off |                    0 |
[1,3]<stdout>:| N/A   36C    P0    54W / 300W |    532MiB / 32768MiB |      0%      Default |
[1,3]<stdout>:|                               |                      |                  N/A |
[1,3]<stdout>:+-------------------------------+----------------------+----------------------+
[1,0]<stdout>:|   2  Tesla V100-SXM2...  On   | 00000000:86:00.0 Off |                    0 |
[1,0]<stdout>:| N/A   38C    P0    55W / 300W |    532MiB / 32768MiB |      0%      Default |
[1,0]<stdout>:|                               |                      |                  N/A |
[1,0]<stdout>:+-------------------------------+----------------------+----------------------+
[1,2]<stdout>:|   2  Tesla V100-SXM2...  On   | 00000000:86:00.0 Off |                    0 |
[1,2]<stdout>:| N/A   38C    P0    55W / 300W |    532MiB / 32768MiB |      0%      Default |
[1,2]<stdout>:|                               |                      |                  N/A |
[1,2]<stdout>:+-------------------------------+----------------------+----------------------+
[1,3]<stdout>:|   2  Tesla V100-SXM2...  On   | 00000000:86:00.0 Off |                    0 |
[1,3]<stdout>:| N/A   38C    P0    55W / 300W |    532MiB / 32768MiB |      0%      Default |
[1,3]<stdout>:|                               |                      |                  N/A |
[1,3]<stdout>:+-------------------------------+----------------------+----------------------+
[1,0]<stdout>:|   3  Tesla V100-SXM2...  On   | 00000000:AF:00.0 Off |                    0 |
[1,0]<stdout>:| N/A   45C    P0    56W / 300W |    532MiB / 32768MiB |      0%      Default |
[1,0]<stdout>:|                               |                      |                  N/A |
[1,0]<stdout>:+-------------------------------+----------------------+----------------------+
[1,0]<stdout>:                                                                               
[1,0]<stdout>:+-----------------------------------------------------------------------------+
[1,0]<stdout>:| Processes:                                                                  |
[1,0]<stdout>:|  GPU   GI   CI        PID   Type   Process name                  GPU Memory |
[1,0]<stdout>:|        ID   ID                                                   Usage      |
[1,0]<stdout>:|=============================================================================|
[1,2]<stdout>:|   3  Tesla V100-SXM2...  On   | 00000000:AF:00.0 Off |                    0 |
[1,2]<stdout>:| N/A   45C    P0    56W / 300W |    532MiB / 32768MiB |      0%      Default |
[1,2]<stdout>:|                               |                      |                  N/A |
[1,2]<stdout>:+-------------------------------+----------------------+----------------------+
[1,3]<stdout>:|   3  Tesla V100-SXM2...  On   | 00000000:AF:00.0 Off |                    0 |
[1,3]<stdout>:| N/A   45C    P0    56W / 300W |    532MiB / 32768MiB |      0%      Default |
[1,3]<stdout>:|                               |                      |                  N/A |
[1,3]<stdout>:+-------------------------------+----------------------+----------------------+
[1,2]<stdout>:                                                                               
[1,2]<stdout>:+-----------------------------------------------------------------------------+
[1,2]<stdout>:| Processes:                                                                  |
[1,2]<stdout>:|  GPU   GI   CI        PID   Type   Process name                  GPU Memory |
[1,2]<stdout>:|        ID   ID                                                   Usage      |
[1,2]<stdout>:|=============================================================================|
[1,0]<stdout>:|    0   N/A  N/A   2731888      C   python                            529MiB |
[1,3]<stdout>:                                                                               
[1,3]<stdout>:+-----------------------------------------------------------------------------+
[1,3]<stdout>:| Processes:                                                                  |
[1,3]<stdout>:|  GPU   GI   CI        PID   Type   Process name                  GPU Memory |
[1,3]<stdout>:|        ID   ID                                                   Usage      |
[1,3]<stdout>:|=============================================================================|
[1,2]<stdout>:|    0   N/A  N/A   2731888      C   python                            529MiB |
[1,3]<stdout>:|    0   N/A  N/A   2731888      C   python                            529MiB |
[1,0]<stdout>:|    1   N/A  N/A   2731889      C   python                            529MiB |
[1,2]<stdout>:|    1   N/A  N/A   2731889      C   python                            529MiB |
[1,0]<stdout>:|    2   N/A  N/A   2731890      C   python                            529MiB |
[1,3]<stdout>:|    1   N/A  N/A   2731889      C   python                            529MiB |
[1,2]<stdout>:|    2   N/A  N/A   2731890      C   python                            529MiB |
[1,0]<stdout>:|    3   N/A  N/A   2731891      C   python                            529MiB |
[1,0]<stdout>:+-----------------------------------------------------------------------------+
[1,3]<stdout>:|    2   N/A  N/A   2731890      C   python                            529MiB |
[1,2]<stdout>:|    3   N/A  N/A   2731891      C   python                            529MiB |
[1,2]<stdout>:+-----------------------------------------------------------------------------+
[1,3]<stdout>:|    3   N/A  N/A   2731891      C   python                            529MiB |
[1,3]<stdout>:+-----------------------------------------------------------------------------+
[1,0]<stdout>:0
[1,2]<stdout>:0
[1,3]<stdout>:0
[1,0]<stdout>:Epoch 1/70
[1,2]<stdout>:Tue Oct 18 10:28:45 2022       
[1,2]<stdout>:+-----------------------------------------------------------------------------+
[1,2]<stdout>:| NVIDIA-SMI 510.47.03    Driver Version: 510.47.03    CUDA Version: 11.6     |
[1,2]<stdout>:|-------------------------------+----------------------+----------------------+
[1,2]<stdout>:| GPU  Name        Persistence-M| Bus-Id        Disp.A | Volatile Uncorr. ECC |
[1,2]<stdout>:| Fan  Temp  Perf  Pwr:Usage/Cap|         Memory-Usage | GPU-Util  Compute M. |
[1,2]<stdout>:|                               |                      |               MIG M. |
[1,2]<stdout>:|===============================+======================+======================|
[1,2]<stdout>:|   0  Tesla V100-SXM2...  On   | 00000000:18:00.0 Off |                    0 |
[1,2]<stdout>:| N/A   62C    P0    73W / 300W |  31900MiB / 32768MiB |      0%      Default |
[1,2]<stdout>:|                               |                      |                  N/A |
[1,2]<stdout>:+-------------------------------+----------------------+----------------------+
[1,2]<stdout>:|   1  Tesla V100-SXM2...  On   | 00000000:3B:00.0 Off |                    0 |
[1,2]<stdout>:| N/A   53C    P0    68W / 300W |  31900MiB / 32768MiB |      0%      Default |
[1,2]<stdout>:|                               |                      |                  N/A |
[1,2]<stdout>:+-------------------------------+----------------------+----------------------+
[1,2]<stdout>:|   2  Tesla V100-SXM2...  On   | 00000000:86:00.0 Off |                    0 |
[1,2]<stdout>:| N/A   56C    P0    71W / 300W |  31900MiB / 32768MiB |      0%      Default |
[1,2]<stdout>:|                               |                      |                  N/A |
[1,2]<stdout>:+-------------------------------+----------------------+----------------------+
[1,2]<stdout>:|   3  Tesla V100-SXM2...  On   | 00000000:AF:00.0 Off |                    0 |
[1,2]<stdout>:| N/A   65C    P0    77W / 300W |  31900MiB / 32768MiB |      0%      Default |
[1,2]<stdout>:|                               |                      |                  N/A |
[1,2]<stdout>:+-------------------------------+----------------------+----------------------+
[1,2]<stdout>:                                                                               
[1,2]<stdout>:+-----------------------------------------------------------------------------+
[1,2]<stdout>:| Processes:                                                                  |
[1,2]<stdout>:|  GPU   GI   CI        PID   Type   Process name                  GPU Memory |
[1,2]<stdout>:|        ID   ID                                                   Usage      |
[1,2]<stdout>:|=============================================================================|
[1,2]<stdout>:|    0   N/A  N/A   2731888      C   python                          31897MiB |
[1,2]<stdout>:|    1   N/A  N/A   2731889      C   python                          31897MiB |
[1,2]<stdout>:|    2   N/A  N/A   2731890      C   python                          31897MiB |
[1,2]<stdout>:|    3   N/A  N/A   2731891      C   python                          31897MiB |
[1,2]<stdout>:+-----------------------------------------------------------------------------+
[1,2]<stdout>:0
[1,0]<stdout>:Tue Oct 18 10:28:45 2022       
[1,0]<stdout>:+-----------------------------------------------------------------------------+
[1,0]<stdout>:| NVIDIA-SMI 510.47.03    Driver Version: 510.47.03    CUDA Version: 11.6     |
[1,0]<stdout>:|-------------------------------+----------------------+----------------------+
[1,0]<stdout>:| GPU  Name        Persistence-M| Bus-Id        Disp.A | Volatile Uncorr. ECC |
[1,0]<stdout>:| Fan  Temp  Perf  Pwr:Usage/Cap|         Memory-Usage | GPU-Util  Compute M. |
[1,0]<stdout>:|                               |                      |               MIG M. |
[1,0]<stdout>:|===============================+======================+======================|
[1,0]<stdout>:|   0  Tesla V100-SXM2...  On   | 00000000:18:00.0 Off |                    0 |
[1,0]<stdout>:| N/A   61C    P0    72W / 300W |  31900MiB / 32768MiB |      0%      Default |
[1,0]<stdout>:|                               |                      |                  N/A |
[1,0]<stdout>:+-------------------------------+----------------------+----------------------+
[1,3]<stdout>:Tue Oct 18 10:28:45 2022       
[1,3]<stdout>:+-----------------------------------------------------------------------------+
[1,3]<stdout>:| NVIDIA-SMI 510.47.03    Driver Version: 510.47.03    CUDA Version: 11.6     |
[1,3]<stdout>:|-------------------------------+----------------------+----------------------+
[1,3]<stdout>:| GPU  Name        Persistence-M| Bus-Id        Disp.A | Volatile Uncorr. ECC |
[1,3]<stdout>:| Fan  Temp  Perf  Pwr:Usage/Cap|         Memory-Usage | GPU-Util  Compute M. |
[1,1]<stdout>:Tue Oct 18 10:28:45 2022       
[1,1]<stdout>:+-----------------------------------------------------------------------------+
[1,1]<stdout>:| NVIDIA-SMI 510.47.03    Driver Version: 510.47.03    CUDA Version: 11.6     |
[1,1]<stdout>:|-------------------------------+----------------------+----------------------+
[1,1]<stdout>:| GPU  Name        Persistence-M| Bus-Id        Disp.A | Volatile Uncorr. ECC |
[1,3]<stdout>:|                               |                      |               MIG M. |
[1,3]<stdout>:|===============================+======================+======================|
[1,1]<stdout>:| Fan  Temp  Perf  Pwr:Usage/Cap|         Memory-Usage | GPU-Util  Compute M. |
[1,1]<stdout>:|                               |                      |               MIG M. |
[1,1]<stdout>:|===============================+======================+======================|
[1,0]<stdout>:|   1  Tesla V100-SXM2...  On   | 00000000:3B:00.0 Off |                    0 |
[1,0]<stdout>:| N/A   53C    P0    68W / 300W |  31900MiB / 32768MiB |      0%      Default |
[1,0]<stdout>:|                               |                      |                  N/A |
[1,0]<stdout>:+-------------------------------+----------------------+----------------------+
[1,1]<stdout>:|   0  Tesla V100-SXM2...  On   | 00000000:18:00.0 Off |                    0 |
[1,1]<stdout>:| N/A   61C    P0    72W / 300W |  31900MiB / 32768MiB |      0%      Default |
[1,1]<stdout>:|                               |                      |                  N/A |
[1,1]<stdout>:+-------------------------------+----------------------+----------------------+
[1,3]<stdout>:|   0  Tesla V100-SXM2...  On   | 00000000:18:00.0 Off |                    0 |
[1,3]<stdout>:| N/A   61C    P0    72W / 300W |  31900MiB / 32768MiB |      0%      Default |
[1,3]<stdout>:|                               |                      |                  N/A |
[1,3]<stdout>:+-------------------------------+----------------------+----------------------+
[1,0]<stdout>:|   2  Tesla V100-SXM2...  On   | 00000000:86:00.0 Off |                    0 |
[1,0]<stdout>:| N/A   55C    P0    71W / 300W |  31900MiB / 32768MiB |      0%      Default |
[1,0]<stdout>:|                               |                      |                  N/A |
[1,0]<stdout>:+-------------------------------+----------------------+----------------------+
[1,1]<stdout>:|   1  Tesla V100-SXM2...  On   | 00000000:3B:00.0 Off |                    0 |
[1,1]<stdout>:| N/A   53C    P0    68W / 300W |  31900MiB / 32768MiB |      0%      Default |
[1,1]<stdout>:|                               |                      |                  N/A |
[1,1]<stdout>:+-------------------------------+----------------------+----------------------+
[1,3]<stdout>:|   1  Tesla V100-SXM2...  On   | 00000000:3B:00.0 Off |                    0 |
[1,3]<stdout>:| N/A   53C    P0    68W / 300W |  31900MiB / 32768MiB |      0%      Default |
[1,3]<stdout>:|                               |                      |                  N/A |
[1,3]<stdout>:+-------------------------------+----------------------+----------------------+
[1,0]<stdout>:|   3  Tesla V100-SXM2...  On   | 00000000:AF:00.0 Off |                    0 |
[1,0]<stdout>:| N/A   64C    P0    76W / 300W |  31900MiB / 32768MiB |      0%      Default |
[1,0]<stdout>:|                               |                      |                  N/A |
[1,0]<stdout>:+-------------------------------+----------------------+----------------------+
[1,0]<stdout>:                                                                               
[1,0]<stdout>:+-----------------------------------------------------------------------------+
[1,0]<stdout>:| Processes:                                                                  |
[1,0]<stdout>:|  GPU   GI   CI        PID   Type   Process name                  GPU Memory |
[1,0]<stdout>:|        ID   ID                                                   Usage      |
[1,0]<stdout>:|=============================================================================|
[1,0]<stdout>:|    0   N/A  N/A   2731888      C   python                          31897MiB |
[1,0]<stdout>:|    1   N/A  N/A   2731889      C   python                          31897MiB |
[1,0]<stdout>:|    2   N/A  N/A   2731890      C   python                          31897MiB |
[1,0]<stdout>:|    3   N/A  N/A   2731891      C   python                          31897MiB |
[1,0]<stdout>:+-----------------------------------------------------------------------------+
[1,3]<stdout>:|   2  Tesla V100-SXM2...  On   | 00000000:86:00.0 Off |                    0 |
[1,3]<stdout>:| N/A   55C    P0    71W / 300W |  31900MiB / 32768MiB |      1%      Default |
[1,3]<stdout>:|                               |                      |                  N/A |
[1,3]<stdout>:+-------------------------------+----------------------+----------------------+
[1,1]<stdout>:|   2  Tesla V100-SXM2...  On   | 00000000:86:00.0 Off |                    0 |
[1,1]<stdout>:| N/A   55C    P0    71W / 300W |  31900MiB / 32768MiB |      1%      Default |
[1,1]<stdout>:|                               |                      |                  N/A |
[1,1]<stdout>:+-------------------------------+----------------------+----------------------+
[1,0]<stdout>:0
[1,3]<stdout>:|   3  Tesla V100-SXM2...  On   | 00000000:AF:00.0 Off |                    0 |
[1,3]<stdout>:| N/A   64C    P0    76W / 300W |  31900MiB / 32768MiB |      0%      Default |
[1,3]<stdout>:|                               |                      |                  N/A |
[1,3]<stdout>:+-------------------------------+----------------------+----------------------+
[1,3]<stdout>:                                                                               
[1,3]<stdout>:+-----------------------------------------------------------------------------+
[1,3]<stdout>:| Processes:                                                                  |
[1,3]<stdout>:|  GPU   GI   CI        PID   Type   Process name                  GPU Memory |
[1,3]<stdout>:|        ID   ID                                                   Usage      |
[1,3]<stdout>:|=============================================================================|
[1,1]<stdout>:|   3  Tesla V100-SXM2...  On   | 00000000:AF:00.0 Off |                    0 |
[1,1]<stdout>:| N/A   64C    P0    76W / 300W |  31900MiB / 32768MiB |      0%      Default |
[1,1]<stdout>:|                               |                      |                  N/A |
[1,1]<stdout>:+-------------------------------+----------------------+----------------------+
[1,1]<stdout>:                                                                               
[1,1]<stdout>:+-----------------------------------------------------------------------------+
[1,1]<stdout>:| Processes:                                                                  |
[1,1]<stdout>:|  GPU   GI   CI        PID   Type   Process name                  GPU Memory |
[1,1]<stdout>:|        ID   ID                                                   Usage      |
[1,1]<stdout>:|=============================================================================|
[1,3]<stdout>:|    0   N/A  N/A   2731888      C   python                          31897MiB |
[1,1]<stdout>:|    0   N/A  N/A   2731888      C   python                          31897MiB |
[1,3]<stdout>:|    1   N/A  N/A   2731889      C   python                          31897MiB |
[1,1]<stdout>:|    1   N/A  N/A   2731889      C   python                          31897MiB |
[1,3]<stdout>:|    2   N/A  N/A   2731890      C   python                          31897MiB |
[1,1]<stdout>:|    2   N/A  N/A   2731890      C   python                          31897MiB |
[1,3]<stdout>:|    3   N/A  N/A   2731891      C   python                          31897MiB |
[1,3]<stdout>:+-----------------------------------------------------------------------------+
[1,1]<stdout>:|    3   N/A  N/A   2731891      C   python                          31897MiB |
[1,1]<stdout>:+-----------------------------------------------------------------------------+
[1,3]<stdout>:0
[1,1]<stdout>:0
[1,0]<stdout>:399/399 - 481s - loss: 1.6641 - accuracy: 0.3268 - val_loss: 1.6781 - val_accuracy: 0.3085 - lr: 5.0000e-04 - 481s/epoch - 1s/step
[1,0]<stdout>:Epoch 2/70
[1,0]<stdout>:399/399 - 462s - loss: 1.4321 - accuracy: 0.4352 - val_loss: 1.3829 - val_accuracy: 0.4459 - lr: 5.0000e-04 - 462s/epoch - 1s/step
[1,0]<stdout>:Epoch 3/70
[1,0]<stdout>:399/399 - 443s - loss: 1.3258 - accuracy: 0.4822 - val_loss: 1.3315 - val_accuracy: 0.4812 - lr: 5.0000e-04 - 443s/epoch - 1s/step
[1,0]<stdout>:Epoch 4/70
[1,0]<stdout>:399/399 - 443s - loss: 1.2520 - accuracy: 0.5149 - val_loss: 1.2439 - val_accuracy: 0.5392 - lr: 5.0000e-04 - 443s/epoch - 1s/step
[1,0]<stdout>:Epoch 5/70
[1,0]<stdout>:399/399 - 438s - loss: 1.1963 - accuracy: 0.5358 - val_loss: 1.2448 - val_accuracy: 0.5343 - lr: 5.0000e-04 - 438s/epoch - 1s/step
[1,0]<stdout>:Epoch 6/70
[1,0]<stdout>:399/399 - 443s - loss: 1.1355 - accuracy: 0.5606 - val_loss: 1.2382 - val_accuracy: 0.5099 - lr: 5.0000e-04 - 443s/epoch - 1s/step
[1,0]<stdout>:Epoch 7/70
[1,0]<stdout>:399/399 - 457s - loss: 1.1036 - accuracy: 0.5707 - val_loss: 1.2352 - val_accuracy: 0.5177 - lr: 5.0000e-04 - 457s/epoch - 1s/step
[1,0]<stdout>:Epoch 8/70
[1,0]<stdout>:399/399 - 438s - loss: 1.0580 - accuracy: 0.5878 - val_loss: 1.3037 - val_accuracy: 0.4734 - lr: 5.0000e-04 - 438s/epoch - 1s/step
[1,0]<stdout>:Epoch 9/70
[1,0]<stdout>:399/399 - 438s - loss: 1.0328 - accuracy: 0.5990 - val_loss: 1.7985 - val_accuracy: 0.3845 - lr: 5.0000e-04 - 438s/epoch - 1s/step
[1,0]<stdout>:Epoch 10/70
[1,0]<stdout>:399/399 - 438s - loss: 0.9759 - accuracy: 0.6155 - val_loss: 1.3042 - val_accuracy: 0.4962 - lr: 5.0000e-04 - 438s/epoch - 1s/step
[1,0]<stdout>:Epoch 11/70
[1,0]<stdout>:399/399 - 437s - loss: 0.9477 - accuracy: 0.6301 - val_loss: 1.4071 - val_accuracy: 0.4716 - lr: 5.0000e-04 - 437s/epoch - 1s/step
[1,0]<stdout>:Epoch 12/70
[1,0]<stdout>:399/399 - 443s - loss: 0.9078 - accuracy: 0.6434 - val_loss: 1.4656 - val_accuracy: 0.4601 - lr: 5.0000e-04 - 443s/epoch - 1s/step
[1,0]<stdout>:Epoch 13/70
[1,0]<stdout>:399/399 - 449s - loss: 0.8712 - accuracy: 0.6598 - val_loss: 1.2309 - val_accuracy: 0.5130 - lr: 5.0000e-04 - 449s/epoch - 1s/step
[1,0]<stdout>:Epoch 14/70
[1,0]<stdout>:399/399 - 456s - loss: 0.8330 - accuracy: 0.6760 - val_loss: 1.1399 - val_accuracy: 0.5858 - lr: 5.0000e-04 - 456s/epoch - 1s/step
[1,0]<stdout>:Epoch 15/70
[1,0]<stdout>:399/399 - 437s - loss: 0.7978 - accuracy: 0.6876 - val_loss: 1.3904 - val_accuracy: 0.5260 - lr: 5.0000e-04 - 437s/epoch - 1s/step
[1,0]<stdout>:Epoch 16/70
[1,0]<stdout>:399/399 - 442s - loss: 0.7780 - accuracy: 0.6957 - val_loss: 1.2577 - val_accuracy: 0.5393 - lr: 5.0000e-04 - 442s/epoch - 1s/step
[1,0]<stdout>:Epoch 17/70
[1,0]<stdout>:399/399 - 438s - loss: 0.7362 - accuracy: 0.7166 - val_loss: 1.1864 - val_accuracy: 0.5704 - lr: 5.0000e-04 - 438s/epoch - 1s/step
[1,0]<stdout>:Epoch 18/70
[1,0]<stdout>:399/399 - 438s - loss: 0.7060 - accuracy: 0.7252 - val_loss: 1.4376 - val_accuracy: 0.5173 - lr: 5.0000e-04 - 438s/epoch - 1s/step
[1,0]<stdout>:Epoch 19/70
[1,0]<stdout>:399/399 - 438s - loss: 0.6631 - accuracy: 0.7465 - val_loss: 1.3711 - val_accuracy: 0.5175 - lr: 5.0000e-04 - 438s/epoch - 1s/step
[1,0]<stdout>:Epoch 20/70
[1,0]<stdout>:399/399 - 438s - loss: 0.6265 - accuracy: 0.7608 - val_loss: 1.4400 - val_accuracy: 0.5204 - lr: 5.0000e-04 - 438s/epoch - 1s/step
[1,0]<stdout>:Epoch 21/70
[1,0]<stdout>:399/399 - 438s - loss: 0.5876 - accuracy: 0.7757 - val_loss: 1.4809 - val_accuracy: 0.5391 - lr: 5.0000e-04 - 438s/epoch - 1s/step
[1,0]<stdout>:Epoch 22/70
[1,0]<stdout>:399/399 - 440s - loss: 0.5434 - accuracy: 0.7946 - val_loss: 1.2953 - val_accuracy: 0.5651 - lr: 5.0000e-04 - 440s/epoch - 1s/step
[1,0]<stdout>:Epoch 23/70
[1,0]<stdout>:399/399 - 438s - loss: 0.5138 - accuracy: 0.8078 - val_loss: 1.7404 - val_accuracy: 0.5011 - lr: 5.0000e-04 - 438s/epoch - 1s/step
[1,0]<stdout>:Epoch 24/70
[1,0]<stdout>:399/399 - 437s - loss: 0.4946 - accuracy: 0.8149 - val_loss: 1.3677 - val_accuracy: 0.5380 - lr: 5.0000e-04 - 437s/epoch - 1s/step
[1,0]<stdout>:Epoch 25/70
[1,0]<stdout>:399/399 - 443s - loss: 0.4668 - accuracy: 0.8263 - val_loss: 1.3719 - val_accuracy: 0.5488 - lr: 5.0000e-04 - 443s/epoch - 1s/step
[1,0]<stdout>:Epoch 26/70
[1,0]<stdout>:399/399 - 438s - loss: 0.4264 - accuracy: 0.8434 - val_loss: 1.3837 - val_accuracy: 0.5598 - lr: 5.0000e-04 - 438s/epoch - 1s/step
[1,0]<stdout>:Epoch 27/70
[1,0]<stdout>:399/399 - 438s - loss: 0.3985 - accuracy: 0.8509 - val_loss: 1.6794 - val_accuracy: 0.4849 - lr: 5.0000e-04 - 438s/epoch - 1s/step
[1,0]<stdout>:Epoch 28/70
[1,0]<stdout>:399/399 - 437s - loss: 0.3924 - accuracy: 0.8537 - val_loss: 1.6507 - val_accuracy: 0.5130 - lr: 5.0000e-04 - 437s/epoch - 1s/step
[1,0]<stdout>:Epoch 29/70
[1,0]<stdout>:399/399 - 438s - loss: 0.3626 - accuracy: 0.8686 - val_loss: 1.7060 - val_accuracy: 0.5170 - lr: 5.0000e-04 - 438s/epoch - 1s/step
[1,0]<stdout>:Epoch 30/70
[1,0]<stdout>:399/399 - 438s - loss: 0.3552 - accuracy: 0.8698 - val_loss: 1.6303 - val_accuracy: 0.5395 - lr: 5.0000e-04 - 438s/epoch - 1s/step
[1,0]<stdout>:Epoch 31/70
[1,0]<stdout>:399/399 - 438s - loss: 0.3224 - accuracy: 0.8836 - val_loss: 1.6876 - val_accuracy: 0.5326 - lr: 5.0000e-04 - 438s/epoch - 1s/step
[1,0]<stdout>:Epoch 32/70
[1,0]<stdout>:399/399 - 438s - loss: 0.3194 - accuracy: 0.8821 - val_loss: 1.8308 - val_accuracy: 0.4960 - lr: 5.0000e-04 - 438s/epoch - 1s/step
[1,0]<stdout>:Epoch 33/70
[1,0]<stdout>:399/399 - 442s - loss: 0.3049 - accuracy: 0.8880 - val_loss: 1.7027 - val_accuracy: 0.5240 - lr: 5.0000e-04 - 442s/epoch - 1s/step
[1,0]<stdout>:Epoch 34/70
[1,0]<stdout>:399/399 - 437s - loss: 0.3008 - accuracy: 0.8892 - val_loss: 1.6589 - val_accuracy: 0.5462 - lr: 5.0000e-04 - 437s/epoch - 1s/step
[1,0]<stdout>:Epoch 35/70
[1,0]<stdout>:399/399 - 437s - loss: 0.2746 - accuracy: 0.8997 - val_loss: 1.8420 - val_accuracy: 0.5285 - lr: 5.0000e-04 - 437s/epoch - 1s/step
[1,0]<stdout>:Epoch 36/70
[1,0]<stdout>:399/399 - 439s - loss: 0.2749 - accuracy: 0.8996 - val_loss: 1.8941 - val_accuracy: 0.5402 - lr: 5.0000e-04 - 439s/epoch - 1s/step
[1,0]<stdout>:Epoch 37/70
[1,0]<stdout>:399/399 - 437s - loss: 0.2479 - accuracy: 0.9097 - val_loss: 1.8632 - val_accuracy: 0.5395 - lr: 5.0000e-04 - 437s/epoch - 1s/step
[1,0]<stdout>:Epoch 38/70
[1,0]<stdout>:399/399 - 437s - loss: 0.2349 - accuracy: 0.9165 - val_loss: 2.1104 - val_accuracy: 0.5118 - lr: 5.0000e-04 - 437s/epoch - 1s/step
[1,0]<stdout>:Epoch 39/70
[1,0]<stdout>:399/399 - 437s - loss: 0.2460 - accuracy: 0.9113 - val_loss: 1.7751 - val_accuracy: 0.5511 - lr: 5.0000e-04 - 437s/epoch - 1s/step
[1,0]<stdout>:Epoch 40/70
[1,0]<stdout>:399/399 - 443s - loss: 0.2328 - accuracy: 0.9162 - val_loss: 1.8679 - val_accuracy: 0.5433 - lr: 5.0000e-04 - 443s/epoch - 1s/step
[1,0]<stdout>:Epoch 41/70
[1,0]<stdout>:399/399 - 447s - loss: 0.2254 - accuracy: 0.9193 - val_loss: 2.0003 - val_accuracy: 0.5421 - lr: 5.0000e-04 - 447s/epoch - 1s/step
[1,0]<stdout>:Epoch 42/70
[1,0]<stdout>:399/399 - 437s - loss: 0.2132 - accuracy: 0.9230 - val_loss: 1.9866 - val_accuracy: 0.5291 - lr: 5.0000e-04 - 437s/epoch - 1s/step
[1,0]<stdout>:Epoch 43/70
[1,0]<stdout>:399/399 - 437s - loss: 0.1963 - accuracy: 0.9303 - val_loss: 2.0314 - val_accuracy: 0.5256 - lr: 5.0000e-04 - 437s/epoch - 1s/step
[1,0]<stdout>:Epoch 44/70
[1,0]<stdout>:399/399 - 439s - loss: 0.2051 - accuracy: 0.9272 - val_loss: 1.9161 - val_accuracy: 0.5400 - lr: 5.0000e-04 - 439s/epoch - 1s/step
[1,0]<stdout>:Epoch 45/70
[1,0]<stdout>:399/399 - 442s - loss: 0.1935 - accuracy: 0.9295 - val_loss: 2.0361 - val_accuracy: 0.5535 - lr: 5.0000e-04 - 442s/epoch - 1s/step
[1,0]<stdout>:Epoch 46/70
[1,0]<stdout>:399/399 - 437s - loss: 0.1897 - accuracy: 0.9313 - val_loss: 2.0579 - val_accuracy: 0.5278 - lr: 5.0000e-04 - 437s/epoch - 1s/step
[1,0]<stdout>:Epoch 47/70
[1,0]<stdout>:399/399 - 438s - loss: 0.1755 - accuracy: 0.9379 - val_loss: 2.0595 - val_accuracy: 0.5374 - lr: 5.0000e-04 - 438s/epoch - 1s/step
[1,0]<stdout>:Epoch 48/70
[1,0]<stdout>:399/399 - 438s - loss: 0.1756 - accuracy: 0.9371 - val_loss: 2.0575 - val_accuracy: 0.5089 - lr: 5.0000e-04 - 438s/epoch - 1s/step
[1,0]<stdout>:Epoch 49/70
[1,0]<stdout>:399/399 - 438s - loss: 0.1613 - accuracy: 0.9434 - val_loss: 2.3883 - val_accuracy: 0.4959 - lr: 5.0000e-04 - 438s/epoch - 1s/step
[1,0]<stdout>:Epoch 50/70
[1,0]<stdout>:399/399 - 437s - loss: 0.1705 - accuracy: 0.9409 - val_loss: 2.2074 - val_accuracy: 0.5470 - lr: 5.0000e-04 - 437s/epoch - 1s/step
[1,0]<stdout>:Epoch 51/70
[1,0]<stdout>:399/399 - 437s - loss: 0.1501 - accuracy: 0.9473 - val_loss: 2.1448 - val_accuracy: 0.5118 - lr: 5.0000e-04 - 437s/epoch - 1s/step
[1,0]<stdout>:Epoch 52/70
[1,0]<stdout>:399/399 - 437s - loss: 0.1601 - accuracy: 0.9436 - val_loss: 2.0916 - val_accuracy: 0.5408 - lr: 5.0000e-04 - 437s/epoch - 1s/step
[1,0]<stdout>:Epoch 53/70
[1,0]<stdout>:399/399 - 437s - loss: 0.1505 - accuracy: 0.9472 - val_loss: 2.1456 - val_accuracy: 0.5471 - lr: 5.0000e-04 - 437s/epoch - 1s/step
[1,0]<stdout>:Epoch 54/70
[1,0]<stdout>:399/399 - 441s - loss: 0.0809 - accuracy: 0.9727 - val_loss: 2.2267 - val_accuracy: 0.5465 - lr: 2.0000e-04 - 441s/epoch - 1s/step
[1,0]<stdout>:Epoch 55/70
[1,0]<stdout>:399/399 - 436s - loss: 0.0613 - accuracy: 0.9789 - val_loss: 2.4535 - val_accuracy: 0.5466 - lr: 2.0000e-04 - 436s/epoch - 1s/step
[1,0]<stdout>:Epoch 56/70
[1,0]<stdout>:399/399 - 436s - loss: 0.0564 - accuracy: 0.9809 - val_loss: 2.5645 - val_accuracy: 0.5530 - lr: 2.0000e-04 - 436s/epoch - 1s/step
[1,0]<stdout>:Epoch 57/70
[1,0]<stdout>:399/399 - 436s - loss: 0.0530 - accuracy: 0.9819 - val_loss: 2.6089 - val_accuracy: 0.5614 - lr: 2.0000e-04 - 436s/epoch - 1s/step
[1,0]<stdout>:Epoch 58/70
[1,0]<stdout>:399/399 - 438s - loss: 0.0568 - accuracy: 0.9808 - val_loss: 2.5585 - val_accuracy: 0.5487 - lr: 2.0000e-04 - 438s/epoch - 1s/step
[1,0]<stdout>:Epoch 59/70
[1,0]<stdout>:399/399 - 436s - loss: 0.0592 - accuracy: 0.9790 - val_loss: 2.7418 - val_accuracy: 0.5402 - lr: 2.0000e-04 - 436s/epoch - 1s/step
[1,0]<stdout>:Epoch 60/70
[1,0]<stdout>:399/399 - 437s - loss: 0.0353 - accuracy: 0.9883 - val_loss: 2.8331 - val_accuracy: 0.5530 - lr: 8.0000e-05 - 437s/epoch - 1s/step
[1,0]<stdout>:Epoch 61/70
[1,0]<stdout>:399/399 - 437s - loss: 0.0288 - accuracy: 0.9908 - val_loss: 2.8609 - val_accuracy: 0.5458 - lr: 8.0000e-05 - 437s/epoch - 1s/step
[1,0]<stdout>:Epoch 62/70
[1,0]<stdout>:399/399 - 438s - loss: 0.0270 - accuracy: 0.9914 - val_loss: 2.9801 - val_accuracy: 0.5439 - lr: 8.0000e-05 - 438s/epoch - 1s/step
[1,0]<stdout>:Epoch 63/70
[1,0]<stdout>:399/399 - 437s - loss: 0.0262 - accuracy: 0.9913 - val_loss: 3.0787 - val_accuracy: 0.5326 - lr: 8.0000e-05 - 437s/epoch - 1s/step
[1,0]<stdout>:Epoch 64/70
[1,0]<stdout>:399/399 - 439s - loss: 0.0244 - accuracy: 0.9918 - val_loss: 3.1466 - val_accuracy: 0.5428 - lr: 8.0000e-05 - 439s/epoch - 1s/step
[1,0]<stdout>:Epoch 65/70
[1,0]<stdout>:399/399 - 436s - loss: 0.0218 - accuracy: 0.9930 - val_loss: 3.1882 - val_accuracy: 0.5454 - lr: 8.0000e-05 - 436s/epoch - 1s/step
[1,0]<stdout>:Epoch 66/70
[1,0]<stdout>:399/399 - 436s - loss: 0.0204 - accuracy: 0.9931 - val_loss: 3.2400 - val_accuracy: 0.5519 - lr: 8.0000e-05 - 436s/epoch - 1s/step
[1,0]<stdout>:Epoch 67/70
[1,0]<stdout>:399/399 - 437s - loss: 0.0228 - accuracy: 0.9919 - val_loss: 3.2922 - val_accuracy: 0.5351 - lr: 8.0000e-05 - 437s/epoch - 1s/step
[1,0]<stdout>:Epoch 68/70
[1,0]<stdout>:399/399 - 436s - loss: 0.0222 - accuracy: 0.9930 - val_loss: 3.3341 - val_accuracy: 0.5469 - lr: 8.0000e-05 - 436s/epoch - 1s/step
[1,0]<stdout>:Epoch 69/70
[1,0]<stdout>:399/399 - 436s - loss: 0.0149 - accuracy: 0.9951 - val_loss: 3.3469 - val_accuracy: 0.5502 - lr: 3.2000e-05 - 436s/epoch - 1s/step
[1,0]<stdout>:Epoch 70/70
[1,0]<stdout>:399/399 - 436s - loss: 0.0128 - accuracy: 0.9960 - val_loss: 3.4053 - val_accuracy: 0.5513 - lr: 3.2000e-05 - 436s/epoch - 1s/step
[1,0]<stdout>:train time:  30800.852760076523
[1,0]<stdout>:Tue Oct 18 18:55:14 2022       
[1,0]<stdout>:+-----------------------------------------------------------------------------+
[1,0]<stdout>:| NVIDIA-SMI 510.47.03    Driver Version: 510.47.03    CUDA Version: 11.6     |
[1,0]<stdout>:|-------------------------------+----------------------+----------------------+
[1,0]<stdout>:| GPU  Name        Persistence-M| Bus-Id        Disp.A | Volatile Uncorr. ECC |
[1,0]<stdout>:| Fan  Temp  Perf  Pwr:Usage/Cap|         Memory-Usage | GPU-Util  Compute M. |
[1,0]<stdout>:|                               |                      |               MIG M. |
[1,0]<stdout>:|===============================+======================+======================|
[1,0]<stdout>:|   0  Tesla V100-SXM2...  On   | 00000000:18:00.0 Off |                    0 |
[1,0]<stdout>:| N/A   62C    P0    72W / 300W |  31900MiB / 32768MiB |      0%      Default |
[1,0]<stdout>:|                               |                      |                  N/A |
[1,0]<stdout>:+-------------------------------+----------------------+----------------------+
[1,0]<stdout>:|   1  Tesla V100-SXM2...  On   | 00000000:3B:00.0 Off |                    0 |
[1,0]<stdout>:| N/A   54C    P0    71W / 300W |  31900MiB / 32768MiB |      0%      Default |
[1,0]<stdout>:|                               |                      |                  N/A |
[1,0]<stdout>:+-------------------------------+----------------------+----------------------+
[1,0]<stdout>:|   2  Tesla V100-SXM2...  On   | 00000000:86:00.0 Off |                    0 |
[1,0]<stdout>:| N/A   56C    P0    72W / 300W |  31900MiB / 32768MiB |      0%      Default |
[1,0]<stdout>:|                               |                      |                  N/A |
[1,0]<stdout>:+-------------------------------+----------------------+----------------------+
[1,0]<stdout>:|   3  Tesla V100-SXM2...  On   | 00000000:AF:00.0 Off |                    0 |
[1,0]<stdout>:| N/A   66C    P0    78W / 300W |  31900MiB / 32768MiB |      0%      Default |
[1,0]<stdout>:|                               |                      |                  N/A |
[1,0]<stdout>:+-------------------------------+----------------------+----------------------+
[1,0]<stdout>:                                                                               
[1,0]<stdout>:+-----------------------------------------------------------------------------+
[1,0]<stdout>:| Processes:                                                                  |
[1,0]<stdout>:|  GPU   GI   CI        PID   Type   Process name                  GPU Memory |
[1,0]<stdout>:|        ID   ID                                                   Usage      |
[1,0]<stdout>:|=============================================================================|
[1,0]<stdout>:|    0   N/A  N/A   2731888      C   python                          31897MiB |
[1,0]<stdout>:|    1   N/A  N/A   2731889      C   python                          31897MiB |
[1,0]<stdout>:|    2   N/A  N/A   2731890      C   python                          31897MiB |
[1,0]<stdout>:|    3   N/A  N/A   2731891      C   python                          31897MiB |
[1,0]<stdout>:+-----------------------------------------------------------------------------+
[1,0]<stdout>:0
[1,0]<stdout>:  1/114 [..............................] - ETA: 1:00 - loss: 1.1835 - accuracy: 0.8125[1,0]<stdout>:  2/114 [..............................] - ETA: 52s - loss: 2.4322 - accuracy: 0.6875 [1,0]<stdout>:  3/114 [..............................] - ETA: 52s - loss: 2.2766 - accuracy: 0.6250[1,0]<stdout>:  4/114 [>.............................] - ETA: 53s - loss: 3.0185 - accuracy: 0.5781[1,0]<stdout>:  5/114 [>.............................] - ETA: 55s - loss: 2.9011 - accuracy: 0.6125[1,0]<stdout>:  6/114 [>.............................] - ETA: 54s - loss: 2.7998 - accuracy: 0.6458[1,0]<stdout>:  7/114 [>.............................] - ETA: 56s - loss: 3.1608 - accuracy: 0.6161[1,0]<stdout>:  8/114 [=>............................] - ETA: 55s - loss: 3.3081 - accuracy: 0.6094[1,0]<stdout>:  9/114 [=>............................] - ETA: 54s - loss: 3.4704 - accuracy: 0.5764[1,0]<stdout>: 10/114 [=>............................] - ETA: 52s - loss: 3.4548 - accuracy: 0.5750[1,0]<stdout>: 11/114 [=>............................] - ETA: 52s - loss: 3.5892 - accuracy: 0.5625[1,0]<stdout>: 12/114 [==>...........................] - ETA: 52s - loss: 3.5662 - accuracy: 0.5677[1,0]<stdout>: 13/114 [==>...........................] - ETA: 51s - loss: 3.6374 - accuracy: 0.5625[1,0]<stdout>: 14/114 [==>...........................] - ETA: 50s - loss: 3.6820 - accuracy: 0.5580[1,0]<stdout>: 15/114 [==>...........................] - ETA: 50s - loss: 3.6099 - accuracy: 0.5583[1,0]<stdout>: 16/114 [===>..........................] - ETA: 49s - loss: 3.5574 - accuracy: 0.5625[1,0]<stdout>: 17/114 [===>..........................] - ETA: 49s - loss: 3.6175 - accuracy: 0.5515[1,0]<stdout>: 18/114 [===>..........................] - ETA: 47s - loss: 3.5659 - accuracy: 0.5521[1,0]<stdout>: 19/114 [====>.........................] - ETA: 47s - loss: 3.5273 - accuracy: 0.5592[1,0]<stdout>: 20/114 [====>.........................] - ETA: 46s - loss: 3.4911 - accuracy: 0.5500[1,0]<stdout>: 21/114 [====>.........................] - ETA: 45s - loss: 3.5713 - accuracy: 0.5446[1,0]<stdout>: 22/114 [====>.........................] - ETA: 45s - loss: 3.5706 - accuracy: 0.5398[1,0]<stdout>: 23/114 [=====>........................] - ETA: 45s - loss: 3.5798 - accuracy: 0.5326[1,0]<stdout>: 24/114 [=====>........................] - ETA: 45s - loss: 3.5653 - accuracy: 0.5365[1,0]<stdout>: 25/114 [=====>........................] - ETA: 44s - loss: 3.5894 - accuracy: 0.5275[1,0]<stdout>: 26/114 [=====>........................] - ETA: 45s - loss: 3.5409 - accuracy: 0.5312[1,0]<stdout>: 27/114 [======>.......................] - ETA: 44s - loss: 3.5329 - accuracy: 0.5278[1,0]<stdout>: 28/114 [======>.......................] - ETA: 43s - loss: 3.5006 - accuracy: 0.5246[1,0]<stdout>: 29/114 [======>.......................] - ETA: 43s - loss: 3.4607 - accuracy: 0.5280[1,0]<stdout>: 30/114 [======>.......................] - ETA: 43s - loss: 3.4116 - accuracy: 0.5292[1,0]<stdout>: 31/114 [=======>......................] - ETA: 42s - loss: 3.4568 - accuracy: 0.5262[1,0]<stdout>: 32/114 [=======>......................] - ETA: 42s - loss: 3.5259 - accuracy: 0.5234[1,0]<stdout>: 33/114 [=======>......................] - ETA: 41s - loss: 3.5661 - accuracy: 0.5189[1,0]<stdout>: 34/114 [=======>......................] - ETA: 40s - loss: 3.5288 - accuracy: 0.5221[1,0]<stdout>: 35/114 [========>.....................] - ETA: 40s - loss: 3.5084 - accuracy: 0.5214[1,0]<stdout>: 36/114 [========>.....................] - ETA: 39s - loss: 3.5621 - accuracy: 0.5208[1,0]<stdout>: 37/114 [========>.....................] - ETA: 39s - loss: 3.5477 - accuracy: 0.5203[1,0]<stdout>: 38/114 [=========>....................] - ETA: 39s - loss: 3.4843 - accuracy: 0.5263[1,0]<stdout>: 39/114 [=========>....................] - ETA: 38s - loss: 3.4628 - accuracy: 0.5224[1,0]<stdout>: 40/114 [=========>....................] - ETA: 38s - loss: 3.4809 - accuracy: 0.5172[1,0]<stdout>: 41/114 [=========>....................] - ETA: 37s - loss: 3.5410 - accuracy: 0.5137[1,0]<stdout>: 42/114 [==========>...................] - ETA: 37s - loss: 3.5897 - accuracy: 0.5089[1,0]<stdout>: 43/114 [==========>...................] - ETA: 36s - loss: 3.5895 - accuracy: 0.5116[1,0]<stdout>: 44/114 [==========>...................] - ETA: 36s - loss: 3.6133 - accuracy: 0.5085[1,0]<stdout>: 45/114 [==========>...................] - ETA: 35s - loss: 3.5721 - accuracy: 0.5139[1,0]<stdout>: 46/114 [===========>..................] - ETA: 35s - loss: 3.5979 - accuracy: 0.5095[1,0]<stdout>: 47/114 [===========>..................] - ETA: 34s - loss: 3.5931 - accuracy: 0.5093[1,0]<stdout>: 48/114 [===========>..................] - ETA: 34s - loss: 3.5856 - accuracy: 0.5104[1,0]<stdout>: 49/114 [===========>..................] - ETA: 33s - loss: 3.6034 - accuracy: 0.5089[1,0]<stdout>: 50/114 [============>.................] - ETA: 33s - loss: 3.5957 - accuracy: 0.5100[1,0]<stdout>: 51/114 [============>.................] - ETA: 32s - loss: 3.5822 - accuracy: 0.5110[1,0]<stdout>: 52/114 [============>.................] - ETA: 32s - loss: 3.5781 - accuracy: 0.5144[1,0]<stdout>: 53/114 [============>.................] - ETA: 31s - loss: 3.6032 - accuracy: 0.5130[1,0]<stdout>: 54/114 [=============>................] - ETA: 31s - loss: 3.5965 - accuracy: 0.5127[1,0]<stdout>: 55/114 [=============>................] - ETA: 30s - loss: 3.6028 - accuracy: 0.5102[1,0]<stdout>: 56/114 [=============>................] - ETA: 30s - loss: 3.6303 - accuracy: 0.5067[1,0]<stdout>: 57/114 [==============>...............] - ETA: 29s - loss: 3.6097 - accuracy: 0.5099[1,0]<stdout>: 58/114 [==============>...............] - ETA: 29s - loss: 3.6011 - accuracy: 0.5108[1,0]<stdout>: 59/114 [==============>...............] - ETA: 28s - loss: 3.6119 - accuracy: 0.5095[1,0]<stdout>: 60/114 [==============>...............] - ETA: 27s - loss: 3.6292 - accuracy: 0.5083[1,0]<stdout>: 61/114 [===============>..............] - ETA: 27s - loss: 3.6191 - accuracy: 0.5102[1,0]<stdout>: 62/114 [===============>..............] - ETA: 26s - loss: 3.6136 - accuracy: 0.5121[1,0]<stdout>: 63/114 [===============>..............] - ETA: 26s - loss: 3.6183 - accuracy: 0.5129[1,0]<stdout>: 64/114 [===============>..............] - ETA: 25s - loss: 3.6101 - accuracy: 0.5127[1,0]<stdout>: 65/114 [================>.............] - ETA: 25s - loss: 3.5827 - accuracy: 0.5163[1,0]<stdout>: 66/114 [================>.............] - ETA: 24s - loss: 3.5680 - accuracy: 0.5180[1,0]<stdout>: 67/114 [================>.............] - ETA: 24s - loss: 3.6062 - accuracy: 0.5149[1,0]<stdout>: 68/114 [================>.............] - ETA: 23s - loss: 3.5943 - accuracy: 0.5165[1,0]<stdout>: 69/114 [=================>............] - ETA: 23s - loss: 3.6010 - accuracy: 0.5163[1,0]<stdout>: 70/114 [=================>............] - ETA: 22s - loss: 3.6175 - accuracy: 0.5161[1,0]<stdout>: 71/114 [=================>............] - ETA: 22s - loss: 3.6006 - accuracy: 0.5176[1,0]<stdout>: 72/114 [=================>............] - ETA: 21s - loss: 3.5888 - accuracy: 0.5182[1,0]<stdout>: 73/114 [==================>...........] - ETA: 21s - loss: 3.6177 - accuracy: 0.5163[1,0]<stdout>: 74/114 [==================>...........] - ETA: 20s - loss: 3.5962 - accuracy: 0.5194[1,0]<stdout>: 75/114 [==================>...........] - ETA: 20s - loss: 3.5564 - accuracy: 0.5242[1,0]<stdout>: 76/114 [===================>..........] - ETA: 19s - loss: 3.5423 - accuracy: 0.5263[1,0]<stdout>: 77/114 [===================>..........] - ETA: 19s - loss: 3.5418 - accuracy: 0.5268[1,0]<stdout>: 78/114 [===================>..........] - ETA: 18s - loss: 3.5752 - accuracy: 0.5248[1,0]<stdout>: 79/114 [===================>..........] - ETA: 18s - loss: 3.5945 - accuracy: 0.5229[1,0]<stdout>: 80/114 [====================>.........] - ETA: 17s - loss: 3.5909 - accuracy: 0.5211[1,0]<stdout>: 81/114 [====================>.........] - ETA: 17s - loss: 3.5834 - accuracy: 0.5216[1,0]<stdout>: 82/114 [====================>.........] - ETA: 16s - loss: 3.6173 - accuracy: 0.5183[1,0]<stdout>: 83/114 [====================>.........] - ETA: 16s - loss: 3.6174 - accuracy: 0.5173[1,0]<stdout>: 84/114 [=====================>........] - ETA: 15s - loss: 3.6066 - accuracy: 0.5179[1,0]<stdout>: 85/114 [=====================>........] - ETA: 15s - loss: 3.6145 - accuracy: 0.5176[1,0]<stdout>: 86/114 [=====================>........] - ETA: 14s - loss: 3.6475 - accuracy: 0.5138[1,0]<stdout>: 87/114 [=====================>........] - ETA: 14s - loss: 3.6424 - accuracy: 0.5144[1,0]<stdout>: 88/114 [======================>.......] - ETA: 13s - loss: 3.6568 - accuracy: 0.5128[1,0]<stdout>: 89/114 [======================>.......] - ETA: 13s - loss: 3.6641 - accuracy: 0.5112[1,0]<stdout>: 90/114 [======================>.......] - ETA: 12s - loss: 3.6721 - accuracy: 0.5118[1,0]<stdout>: 91/114 [======================>.......] - ETA: 11s - loss: 3.6814 - accuracy: 0.5124[1,0]<stdout>: 92/114 [=======================>......] - ETA: 11s - loss: 3.6830 - accuracy: 0.5136[1,0]<stdout>: 93/114 [=======================>......] - ETA: 10s - loss: 3.6897 - accuracy: 0.5114[1,0]<stdout>: 94/114 [=======================>......] - ETA: 10s - loss: 3.6782 - accuracy: 0.5120[1,0]<stdout>: 95/114 [========================>.....] - ETA: 9s - loss: 3.6875 - accuracy: 0.5112 [1,0]<stdout>: 96/114 [========================>.....] - ETA: 9s - loss: 3.6860 - accuracy: 0.5104[1,0]<stdout>: 97/114 [========================>.....] - ETA: 8s - loss: 3.6811 - accuracy: 0.5103[1,0]<stdout>: 98/114 [========================>.....] - ETA: 8s - loss: 3.6847 - accuracy: 0.5089[1,0]<stdout>: 99/114 [=========================>....] - ETA: 7s - loss: 3.6953 - accuracy: 0.5076[1,0]<stdout>:100/114 [=========================>....] - ETA: 7s - loss: 3.6853 - accuracy: 0.5088[1,0]<stdout>:101/114 [=========================>....] - ETA: 6s - loss: 3.6858 - accuracy: 0.5093[1,0]<stdout>:102/114 [=========================>....] - ETA: 6s - loss: 3.6829 - accuracy: 0.5110[1,0]<stdout>:103/114 [==========================>...] - ETA: 5s - loss: 3.6774 - accuracy: 0.5127[1,0]<stdout>:104/114 [==========================>...] - ETA: 5s - loss: 3.6742 - accuracy: 0.5126[1,0]<stdout>:105/114 [==========================>...] - ETA: 4s - loss: 3.6674 - accuracy: 0.5131[1,0]<stdout>:106/114 [==========================>...] - ETA: 4s - loss: 3.6529 - accuracy: 0.5147[1,0]<stdout>:107/114 [===========================>..] - ETA: 3s - loss: 3.6420 - accuracy: 0.5164[1,0]<stdout>:108/114 [===========================>..] - ETA: 3s - loss: 3.6407 - accuracy: 0.5174[1,0]<stdout>:109/114 [===========================>..] - ETA: 2s - loss: 3.6507 - accuracy: 0.5166[1,0]<stdout>:110/114 [===========================>..] - ETA: 2s - loss: 3.6344 - accuracy: 0.5182[1,0]<stdout>:111/114 [============================>.] - ETA: 1s - loss: 3.6254 - accuracy: 0.5191[1,0]<stdout>:112/114 [============================>.] - ETA: 1s - loss: 3.6232 - accuracy: 0.5190[1,0]<stdout>:113/114 [============================>.] - ETA: 0s - loss: 3.6001 - accuracy: 0.5210[1,0]<stdout>:114/114 [==============================] - ETA: 0s - loss: 3.6052 - accuracy: 0.5203[1,0]<stdout>:114/114 [==============================] - 59s 520ms/step - loss: 3.6052 - accuracy: 0.5203
[1,0]<stdout>:Accuracy of our model on test data :  52.02850699424744 %
[1,0]<stdout>:              precision    recall  f1-score   support
[1,0]<stdout>:
[1,0]<stdout>:       angry       0.70      0.56      0.62       284
[1,0]<stdout>:        calm       0.80      0.40      0.53        30
[1,0]<stdout>:     disgust       0.48      0.42      0.45       289
[1,0]<stdout>:        fear       0.45      0.53      0.49       289
[1,0]<stdout>:       happy       0.40      0.52      0.45       289
[1,0]<stdout>:     neutral       0.46      0.57      0.51       256
[1,0]<stdout>:         sad       0.60      0.46      0.52       289
[1,0]<stdout>:    surprise       0.93      0.77      0.84        99
[1,0]<stdout>:
[1,0]<stdout>:    accuracy                           0.52      1825
[1,0]<stdout>:   macro avg       0.60      0.53      0.55      1825
[1,0]<stdout>:weighted avg       0.54      0.52      0.52      1825
[1,0]<stdout>:
