[1,0]<stdout>:Total GPUs available: 4
[1,1]<stdout>:Total GPUs available: 4
[1,1]<stdout>:Hi I am a GPU and my rank is: 1
[1,0]<stdout>:Hi I am a GPU and my rank is: 0
[1,2]<stdout>:Total GPUs available: 4
[1,3]<stdout>:Total GPUs available: 4
[1,3]<stdout>:Hi I am a GPU and my rank is: 3
[1,2]<stdout>:Hi I am a GPU and my rank is: 2
[1,1]<stdout>:[PhysicalDevice(name='/physical_device:GPU:0', device_type='GPU'), PhysicalDevice(name='/physical_device:GPU:1', device_type='GPU'), PhysicalDevice(name='/physical_device:GPU:2', device_type='GPU'), PhysicalDevice(name='/physical_device:GPU:3', device_type='GPU')]
[1,3]<stdout>:[PhysicalDevice(name='/physical_device:GPU:0', device_type='GPU'), PhysicalDevice(name='/physical_device:GPU:1', device_type='GPU'), PhysicalDevice(name='/physical_device:GPU:2', device_type='GPU'), PhysicalDevice(name='/physical_device:GPU:3', device_type='GPU')]
[1,0]<stdout>:[PhysicalDevice(name='/physical_device:GPU:0', device_type='GPU'), PhysicalDevice(name='/physical_device:GPU:1', device_type='GPU'), PhysicalDevice(name='/physical_device:GPU:2', device_type='GPU'), PhysicalDevice(name='/physical_device:GPU:3', device_type='GPU')]
[1,2]<stdout>:[PhysicalDevice(name='/physical_device:GPU:0', device_type='GPU'), PhysicalDevice(name='/physical_device:GPU:1', device_type='GPU'), PhysicalDevice(name='/physical_device:GPU:2', device_type='GPU'), PhysicalDevice(name='/physical_device:GPU:3', device_type='GPU')]
[1,1]<stdout>:loaded models
[1,0]<stdout>:loaded models
[1,2]<stdout>:loaded models
[1,3]<stdout>:loaded models
[1,1]<stdout>:loaded model weights
[1,0]<stdout>:loaded model weights
[1,2]<stdout>:loaded model weights
[1,3]<stdout>:loaded model weights
[1,0]<stdout>:set model weights
[1,0]<stdout>:changed model trainability status
[1,3]<stdout>:set model weights
[1,2]<stdout>:set model weights
[1,3]<stdout>:changed model trainability status
[1,0]<stdout>:compiled model
[1,2]<stdout>:changed model trainability status
[1,1]<stdout>:set model weights
[1,3]<stdout>:compiled model
[1,2]<stdout>:compiled model
[1,1]<stdout>:changed model trainability status
[1,1]<stdout>:compiled model
[1,0]<stdout>:Tue Oct 18 16:25:39 2022       
[1,0]<stdout>:+-----------------------------------------------------------------------------+
[1,0]<stdout>:| NVIDIA-SMI 510.47.03    Driver Version: 510.47.03    CUDA Version: 11.6     |
[1,0]<stdout>:|-------------------------------+----------------------+----------------------+
[1,0]<stdout>:| GPU  Name        Persistence-M| Bus-Id        Disp.A | Volatile Uncorr. ECC |
[1,0]<stdout>:| Fan  Temp  Perf  Pwr:Usage/Cap|         Memory-Usage | GPU-Util  Compute M. |
[1,0]<stdout>:|                               |                      |               MIG M. |
[1,0]<stdout>:|===============================+======================+======================|
[1,0]<stdout>:|   0  Tesla V100-PCIE...  On   | 00000000:06:00.0 Off |                    0 |
[1,0]<stdout>:| N/A   32C    P0    34W / 250W |    533MiB / 32768MiB |      0%      Default |
[1,0]<stdout>:|                               |                      |                  N/A |
[1,0]<stdout>:+-------------------------------+----------------------+----------------------+
[1,2]<stdout>:Tue Oct 18 16:25:39 2022       
[1,2]<stdout>:+-----------------------------------------------------------------------------+
[1,2]<stdout>:| NVIDIA-SMI 510.47.03    Driver Version: 510.47.03    CUDA Version: 11.6     |
[1,2]<stdout>:|-------------------------------+----------------------+----------------------+
[1,2]<stdout>:| GPU  Name        Persistence-M| Bus-Id        Disp.A | Volatile Uncorr. ECC |
[1,2]<stdout>:| Fan  Temp  Perf  Pwr:Usage/Cap|         Memory-Usage | GPU-Util  Compute M. |
[1,2]<stdout>:|                               |                      |               MIG M. |
[1,2]<stdout>:|===============================+======================+======================|
[1,0]<stdout>:|   1  Tesla V100-PCIE...  On   | 00000000:2F:00.0 Off |                    0 |
[1,0]<stdout>:| N/A   31C    P0    33W / 250W |    533MiB / 32768MiB |      0%      Default |
[1,0]<stdout>:|                               |                      |                  N/A |
[1,0]<stdout>:+-------------------------------+----------------------+----------------------+
[1,2]<stdout>:|   0  Tesla V100-PCIE...  On   | 00000000:06:00.0 Off |                    0 |
[1,2]<stdout>:| N/A   32C    P0    34W / 250W |    533MiB / 32768MiB |      0%      Default |
[1,2]<stdout>:|                               |                      |                  N/A |
[1,2]<stdout>:+-------------------------------+----------------------+----------------------+
[1,0]<stdout>:|   2  Tesla V100-PCIE...  On   | 00000000:86:00.0 Off |                    0 |
[1,0]<stdout>:| N/A   30C    P0    34W / 250W |    533MiB / 32768MiB |      0%      Default |
[1,0]<stdout>:|                               |                      |                  N/A |
[1,0]<stdout>:+-------------------------------+----------------------+----------------------+
[1,2]<stdout>:|   1  Tesla V100-PCIE...  On   | 00000000:2F:00.0 Off |                    0 |
[1,2]<stdout>:| N/A   30C    P0    33W / 250W |    533MiB / 32768MiB |      0%      Default |
[1,2]<stdout>:|                               |                      |                  N/A |
[1,2]<stdout>:+-------------------------------+----------------------+----------------------+
[1,0]<stdout>:|   3  Tesla V100-PCIE...  On   | 00000000:D8:00.0 Off |                    0 |
[1,0]<stdout>:| N/A   31C    P0    32W / 250W |    533MiB / 32768MiB |      0%      Default |
[1,0]<stdout>:|                               |                      |                  N/A |
[1,0]<stdout>:+-------------------------------+----------------------+----------------------+
[1,0]<stdout>:                                                                               
[1,0]<stdout>:+-----------------------------------------------------------------------------+
[1,0]<stdout>:| Processes:                                                                  |
[1,0]<stdout>:|  GPU   GI   CI        PID   Type   Process name                  GPU Memory |
[1,0]<stdout>:|        ID   ID                                                   Usage      |
[1,0]<stdout>:|=============================================================================|
[1,0]<stdout>:|    0   N/A  N/A   1722141      C   python                            529MiB |
[1,0]<stdout>:|    1   N/A  N/A   1722142      C   python                            529MiB |
[1,0]<stdout>:|    2   N/A  N/A   1722143      C   python                            529MiB |
[1,0]<stdout>:|    3   N/A  N/A   1722144      C   python                            529MiB |
[1,0]<stdout>:+-----------------------------------------------------------------------------+
[1,0]<stdout>:0
[1,2]<stdout>:|   2  Tesla V100-PCIE...  On   | 00000000:86:00.0 Off |                    0 |
[1,2]<stdout>:| N/A   30C    P0    34W / 250W |    533MiB / 32768MiB |      0%      Default |
[1,2]<stdout>:|                               |                      |                  N/A |
[1,2]<stdout>:+-------------------------------+----------------------+----------------------+
[1,2]<stdout>:|   3  Tesla V100-PCIE...  On   | 00000000:D8:00.0 Off |                    0 |
[1,2]<stdout>:| N/A   31C    P0    32W / 250W |    533MiB / 32768MiB |      0%      Default |
[1,2]<stdout>:|                               |                      |                  N/A |
[1,2]<stdout>:+-------------------------------+----------------------+----------------------+
[1,2]<stdout>:                                                                               
[1,2]<stdout>:+-----------------------------------------------------------------------------+
[1,2]<stdout>:| Processes:                                                                  |
[1,2]<stdout>:|  GPU   GI   CI        PID   Type   Process name                  GPU Memory |
[1,2]<stdout>:|        ID   ID                                                   Usage      |
[1,2]<stdout>:|=============================================================================|
[1,2]<stdout>:|    0   N/A  N/A   1722141      C   python                            529MiB |
[1,2]<stdout>:|    1   N/A  N/A   1722142      C   python                            529MiB |
[1,2]<stdout>:|    2   N/A  N/A   1722143      C   python                            529MiB |
[1,2]<stdout>:|    3   N/A  N/A   1722144      C   python                            529MiB |
[1,2]<stdout>:+-----------------------------------------------------------------------------+
[1,2]<stdout>:0
[1,1]<stdout>:Tue Oct 18 16:25:39 2022       
[1,1]<stdout>:+-----------------------------------------------------------------------------+
[1,1]<stdout>:| NVIDIA-SMI 510.47.03    Driver Version: 510.47.03    CUDA Version: 11.6     |
[1,1]<stdout>:|-------------------------------+----------------------+----------------------+
[1,1]<stdout>:| GPU  Name        Persistence-M| Bus-Id        Disp.A | Volatile Uncorr. ECC |
[1,1]<stdout>:| Fan  Temp  Perf  Pwr:Usage/Cap|         Memory-Usage | GPU-Util  Compute M. |
[1,1]<stdout>:|                               |                      |               MIG M. |
[1,1]<stdout>:|===============================+======================+======================|
[1,3]<stdout>:Tue Oct 18 16:25:39 2022       
[1,3]<stdout>:+-----------------------------------------------------------------------------+
[1,3]<stdout>:| NVIDIA-SMI 510.47.03    Driver Version: 510.47.03    CUDA Version: 11.6     |
[1,3]<stdout>:|-------------------------------+----------------------+----------------------+
[1,3]<stdout>:| GPU  Name        Persistence-M| Bus-Id        Disp.A | Volatile Uncorr. ECC |
[1,3]<stdout>:| Fan  Temp  Perf  Pwr:Usage/Cap|         Memory-Usage | GPU-Util  Compute M. |
[1,3]<stdout>:|                               |                      |               MIG M. |
[1,3]<stdout>:|===============================+======================+======================|
[1,3]<stdout>:|   0  Tesla V100-PCIE...  On   | 00000000:06:00.0 Off |                    0 |
[1,3]<stdout>:| N/A   32C    P0    34W / 250W |    533MiB / 32768MiB |      1%      Default |
[1,3]<stdout>:|                               |                      |                  N/A |
[1,3]<stdout>:+-------------------------------+----------------------+----------------------+
[1,1]<stdout>:|   0  Tesla V100-PCIE...  On   | 00000000:06:00.0 Off |                    0 |
[1,1]<stdout>:| N/A   32C    P0    34W / 250W |    533MiB / 32768MiB |      1%      Default |
[1,1]<stdout>:|                               |                      |                  N/A |
[1,1]<stdout>:+-------------------------------+----------------------+----------------------+
[1,0]<stdout>:Epoch 1/70
[1,1]<stdout>:|   1  Tesla V100-PCIE...  On   | 00000000:2F:00.0 Off |                    0 |
[1,1]<stdout>:| N/A   31C    P0    33W / 250W |    533MiB / 32768MiB |      0%      Default |
[1,1]<stdout>:|                               |                      |                  N/A |
[1,1]<stdout>:+-------------------------------+----------------------+----------------------+
[1,3]<stdout>:|   1  Tesla V100-PCIE...  On   | 00000000:2F:00.0 Off |                    0 |
[1,3]<stdout>:| N/A   31C    P0    33W / 250W |    533MiB / 32768MiB |      0%      Default |
[1,3]<stdout>:|                               |                      |                  N/A |
[1,3]<stdout>:+-------------------------------+----------------------+----------------------+
[1,1]<stdout>:|   2  Tesla V100-PCIE...  On   | 00000000:86:00.0 Off |                    0 |
[1,1]<stdout>:| N/A   30C    P0    34W / 250W |    533MiB / 32768MiB |      0%      Default |
[1,1]<stdout>:|                               |                      |                  N/A |
[1,1]<stdout>:+-------------------------------+----------------------+----------------------+
[1,3]<stdout>:|   2  Tesla V100-PCIE...  On   | 00000000:86:00.0 Off |                    0 |
[1,3]<stdout>:| N/A   30C    P0    34W / 250W |    533MiB / 32768MiB |      0%      Default |
[1,3]<stdout>:|                               |                      |                  N/A |
[1,3]<stdout>:+-------------------------------+----------------------+----------------------+
[1,1]<stdout>:|   3  Tesla V100-PCIE...  On   | 00000000:D8:00.0 Off |                    0 |
[1,1]<stdout>:| N/A   31C    P0    32W / 250W |    533MiB / 32768MiB |      0%      Default |
[1,1]<stdout>:|                               |                      |                  N/A |
[1,1]<stdout>:+-------------------------------+----------------------+----------------------+
[1,3]<stdout>:|   3  Tesla V100-PCIE...  On   | 00000000:D8:00.0 Off |                    0 |
[1,3]<stdout>:| N/A   31C    P0    32W / 250W |    533MiB / 32768MiB |      0%      Default |
[1,3]<stdout>:|                               |                      |                  N/A |
[1,3]<stdout>:+-------------------------------+----------------------+----------------------+
[1,1]<stdout>:                                                                               
[1,1]<stdout>:+-----------------------------------------------------------------------------+
[1,1]<stdout>:| Processes:                                                                  |
[1,1]<stdout>:|  GPU   GI   CI        PID   Type   Process name                  GPU Memory |
[1,1]<stdout>:|        ID   ID                                                   Usage      |
[1,1]<stdout>:|=============================================================================|
[1,3]<stdout>:                                                                               
[1,3]<stdout>:+-----------------------------------------------------------------------------+
[1,3]<stdout>:| Processes:                                                                  |
[1,3]<stdout>:|  GPU   GI   CI        PID   Type   Process name                  GPU Memory |
[1,3]<stdout>:|        ID   ID                                                   Usage      |
[1,3]<stdout>:|=============================================================================|
[1,1]<stdout>:|    0   N/A  N/A   1722141      C   python                            529MiB |
[1,3]<stdout>:|    0   N/A  N/A   1722141      C   python                            529MiB |
[1,1]<stdout>:|    1   N/A  N/A   1722142      C   python                            529MiB |
[1,3]<stdout>:|    1   N/A  N/A   1722142      C   python                            529MiB |
[1,1]<stdout>:|    2   N/A  N/A   1722143      C   python                            529MiB |
[1,3]<stdout>:|    2   N/A  N/A   1722143      C   python                            529MiB |
[1,1]<stdout>:|    3   N/A  N/A   1722144      C   python                            529MiB |
[1,1]<stdout>:+-----------------------------------------------------------------------------+
[1,3]<stdout>:|    3   N/A  N/A   1722144      C   python                            529MiB |
[1,3]<stdout>:+-----------------------------------------------------------------------------+
[1,1]<stdout>:0
[1,3]<stdout>:0
[1,1]<stdout>:Tue Oct 18 16:28:52 2022       
[1,1]<stdout>:+-----------------------------------------------------------------------------+
[1,1]<stdout>:| NVIDIA-SMI 510.47.03    Driver Version: 510.47.03    CUDA Version: 11.6     |
[1,1]<stdout>:|-------------------------------+----------------------+----------------------+
[1,1]<stdout>:| GPU  Name        Persistence-M| Bus-Id        Disp.A | Volatile Uncorr. ECC |
[1,1]<stdout>:| Fan  Temp  Perf  Pwr:Usage/Cap|         Memory-Usage | GPU-Util  Compute M. |
[1,1]<stdout>:|                               |                      |               MIG M. |
[1,1]<stdout>:|===============================+======================+======================|
[1,1]<stdout>:|   0  Tesla V100-PCIE...  On   | 00000000:06:00.0 Off |                    0 |
[1,1]<stdout>:| N/A   67C    P0    52W / 250W |  31899MiB / 32768MiB |      0%      Default |
[1,1]<stdout>:|                               |                      |                  N/A |
[1,1]<stdout>:+-------------------------------+----------------------+----------------------+
[1,1]<stdout>:|   1  Tesla V100-PCIE...  On   | 00000000:2F:00.0 Off |                    0 |
[1,1]<stdout>:| N/A   62C    P0    51W / 250W |  31899MiB / 32768MiB |      0%      Default |
[1,1]<stdout>:|                               |                      |                  N/A |
[1,1]<stdout>:+-------------------------------+----------------------+----------------------+
[1,1]<stdout>:|   2  Tesla V100-PCIE...  On   | 00000000:86:00.0 Off |                    0 |
[1,1]<stdout>:| N/A   60C    P0    53W / 250W |  31899MiB / 32768MiB |      0%      Default |
[1,1]<stdout>:|                               |                      |                  N/A |
[1,1]<stdout>:+-------------------------------+----------------------+----------------------+
[1,1]<stdout>:|   3  Tesla V100-PCIE...  On   | 00000000:D8:00.0 Off |                    0 |
[1,1]<stdout>:| N/A   60C    P0    45W / 250W |  31899MiB / 32768MiB |      0%      Default |
[1,1]<stdout>:|                               |                      |                  N/A |
[1,1]<stdout>:+-------------------------------+----------------------+----------------------+
[1,1]<stdout>:                                                                               
[1,1]<stdout>:+-----------------------------------------------------------------------------+
[1,1]<stdout>:| Processes:                                                                  |
[1,1]<stdout>:|  GPU   GI   CI        PID   Type   Process name                  GPU Memory |
[1,1]<stdout>:|        ID   ID                                                   Usage      |
[1,1]<stdout>:|=============================================================================|
[1,1]<stdout>:|    0   N/A  N/A   1722141      C   python                          31895MiB |
[1,1]<stdout>:|    1   N/A  N/A   1722142      C   python                          31895MiB |
[1,1]<stdout>:|    2   N/A  N/A   1722143      C   python                          31895MiB |
[1,1]<stdout>:|    3   N/A  N/A   1722144      C   python                          31895MiB |
[1,1]<stdout>:+-----------------------------------------------------------------------------+
[1,1]<stdout>:0
[1,2]<stdout>:Tue Oct 18 16:28:52 2022       
[1,2]<stdout>:+-----------------------------------------------------------------------------+
[1,2]<stdout>:| NVIDIA-SMI 510.47.03    Driver Version: 510.47.03    CUDA Version: 11.6     |
[1,2]<stdout>:|-------------------------------+----------------------+----------------------+
[1,2]<stdout>:| GPU  Name        Persistence-M| Bus-Id        Disp.A | Volatile Uncorr. ECC |
[1,2]<stdout>:| Fan  Temp  Perf  Pwr:Usage/Cap|         Memory-Usage | GPU-Util  Compute M. |
[1,2]<stdout>:|                               |                      |               MIG M. |
[1,2]<stdout>:|===============================+======================+======================|
[1,3]<stdout>:Tue Oct 18 16:28:52 2022       
[1,3]<stdout>:+-----------------------------------------------------------------------------+
[1,3]<stdout>:| NVIDIA-SMI 510.47.03    Driver Version: 510.47.03    CUDA Version: 11.6     |
[1,3]<stdout>:|-------------------------------+----------------------+----------------------+
[1,3]<stdout>:| GPU  Name        Persistence-M| Bus-Id        Disp.A | Volatile Uncorr. ECC |
[1,0]<stdout>:Tue Oct 18 16:28:52 2022       
[1,0]<stdout>:+-----------------------------------------------------------------------------+
[1,0]<stdout>:| NVIDIA-SMI 510.47.03    Driver Version: 510.47.03    CUDA Version: 11.6     |
[1,3]<stdout>:| Fan  Temp  Perf  Pwr:Usage/Cap|         Memory-Usage | GPU-Util  Compute M. |
[1,3]<stdout>:|                               |                      |               MIG M. |
[1,3]<stdout>:|===============================+======================+======================|
[1,0]<stdout>:|-------------------------------+----------------------+----------------------+
[1,0]<stdout>:| GPU  Name        Persistence-M| Bus-Id        Disp.A | Volatile Uncorr. ECC |
[1,0]<stdout>:| Fan  Temp  Perf  Pwr:Usage/Cap|         Memory-Usage | GPU-Util  Compute M. |
[1,0]<stdout>:|                               |                      |               MIG M. |
[1,0]<stdout>:|===============================+======================+======================|
[1,2]<stdout>:|   0  Tesla V100-PCIE...  On   | 00000000:06:00.0 Off |                    0 |
[1,2]<stdout>:| N/A   66C    P0    51W / 250W |  31899MiB / 32768MiB |      0%      Default |
[1,2]<stdout>:|                               |                      |                  N/A |
[1,2]<stdout>:+-------------------------------+----------------------+----------------------+
[1,3]<stdout>:|   0  Tesla V100-PCIE...  On   | 00000000:06:00.0 Off |                    0 |
[1,3]<stdout>:| N/A   66C    P0    51W / 250W |  31899MiB / 32768MiB |      0%      Default |
[1,3]<stdout>:|                               |                      |                  N/A |
[1,3]<stdout>:+-------------------------------+----------------------+----------------------+
[1,0]<stdout>:|   0  Tesla V100-PCIE...  On   | 00000000:06:00.0 Off |                    0 |
[1,0]<stdout>:| N/A   66C    P0    51W / 250W |  31899MiB / 32768MiB |      0%      Default |
[1,0]<stdout>:|                               |                      |                  N/A |
[1,0]<stdout>:+-------------------------------+----------------------+----------------------+
[1,2]<stdout>:|   1  Tesla V100-PCIE...  On   | 00000000:2F:00.0 Off |                    0 |
[1,2]<stdout>:| N/A   61C    P0    50W / 250W |  31899MiB / 32768MiB |      0%      Default |
[1,2]<stdout>:|                               |                      |                  N/A |
[1,2]<stdout>:+-------------------------------+----------------------+----------------------+
[1,3]<stdout>:|   1  Tesla V100-PCIE...  On   | 00000000:2F:00.0 Off |                    0 |
[1,3]<stdout>:| N/A   61C    P0    50W / 250W |  31899MiB / 32768MiB |      0%      Default |
[1,3]<stdout>:|                               |                      |                  N/A |
[1,3]<stdout>:+-------------------------------+----------------------+----------------------+
[1,0]<stdout>:|   1  Tesla V100-PCIE...  On   | 00000000:2F:00.0 Off |                    0 |
[1,0]<stdout>:| N/A   61C    P0    50W / 250W |  31899MiB / 32768MiB |      0%      Default |
[1,0]<stdout>:|                               |                      |                  N/A |
[1,0]<stdout>:+-------------------------------+----------------------+----------------------+
[1,2]<stdout>:|   2  Tesla V100-PCIE...  On   | 00000000:86:00.0 Off |                    0 |
[1,2]<stdout>:| N/A   60C    P0    53W / 250W |  31899MiB / 32768MiB |      0%      Default |
[1,2]<stdout>:|                               |                      |                  N/A |
[1,2]<stdout>:+-------------------------------+----------------------+----------------------+
[1,3]<stdout>:|   2  Tesla V100-PCIE...  On   | 00000000:86:00.0 Off |                    0 |
[1,3]<stdout>:| N/A   60C    P0    52W / 250W |  31899MiB / 32768MiB |      0%      Default |
[1,3]<stdout>:|                               |                      |                  N/A |
[1,3]<stdout>:+-------------------------------+----------------------+----------------------+
[1,0]<stdout>:|   2  Tesla V100-PCIE...  On   | 00000000:86:00.0 Off |                    0 |
[1,0]<stdout>:| N/A   60C    P0    52W / 250W |  31899MiB / 32768MiB |      0%      Default |
[1,0]<stdout>:|                               |                      |                  N/A |
[1,0]<stdout>:+-------------------------------+----------------------+----------------------+
[1,2]<stdout>:|   3  Tesla V100-PCIE...  On   | 00000000:D8:00.0 Off |                    0 |
[1,2]<stdout>:| N/A   59C    P0    45W / 250W |  31899MiB / 32768MiB |      0%      Default |
[1,2]<stdout>:|                               |                      |                  N/A |
[1,2]<stdout>:+-------------------------------+----------------------+----------------------+
[1,2]<stdout>:                                                                               
[1,2]<stdout>:+-----------------------------------------------------------------------------+
[1,2]<stdout>:| Processes:                                                                  |
[1,2]<stdout>:|  GPU   GI   CI        PID   Type   Process name                  GPU Memory |
[1,2]<stdout>:|        ID   ID                                                   Usage      |
[1,2]<stdout>:|=============================================================================|
[1,2]<stdout>:|    0   N/A  N/A   1722141      C   python                          31895MiB |
[1,2]<stdout>:|    1   N/A  N/A   1722142      C   python                          31895MiB |
[1,2]<stdout>:|    2   N/A  N/A   1722143      C   python                          31895MiB |
[1,2]<stdout>:|    3   N/A  N/A   1722144      C   python                          31895MiB |
[1,2]<stdout>:+-----------------------------------------------------------------------------+
[1,2]<stdout>:0
[1,3]<stdout>:|   3  Tesla V100-PCIE...  On   | 00000000:D8:00.0 Off |                    0 |
[1,3]<stdout>:| N/A   59C    P0    45W / 250W |  31899MiB / 32768MiB |      0%      Default |
[1,3]<stdout>:|                               |                      |                  N/A |
[1,3]<stdout>:+-------------------------------+----------------------+----------------------+
[1,0]<stdout>:|   3  Tesla V100-PCIE...  On   | 00000000:D8:00.0 Off |                    0 |
[1,0]<stdout>:| N/A   59C    P0    45W / 250W |  31899MiB / 32768MiB |      0%      Default |
[1,0]<stdout>:|                               |                      |                  N/A |
[1,0]<stdout>:+-------------------------------+----------------------+----------------------+
[1,3]<stdout>:                                                                               
[1,3]<stdout>:+-----------------------------------------------------------------------------+
[1,3]<stdout>:| Processes:                                                                  |
[1,3]<stdout>:|  GPU   GI   CI        PID   Type   Process name                  GPU Memory |
[1,3]<stdout>:|        ID   ID                                                   Usage      |
[1,3]<stdout>:|=============================================================================|
[1,0]<stdout>:                                                                               
[1,0]<stdout>:+-----------------------------------------------------------------------------+
[1,0]<stdout>:| Processes:                                                                  |
[1,0]<stdout>:|  GPU   GI   CI        PID   Type   Process name                  GPU Memory |
[1,0]<stdout>:|        ID   ID                                                   Usage      |
[1,0]<stdout>:|=============================================================================|
[1,3]<stdout>:|    0   N/A  N/A   1722141      C   python                          31895MiB |
[1,0]<stdout>:|    0   N/A  N/A   1722141      C   python                          31895MiB |
[1,3]<stdout>:|    1   N/A  N/A   1722142      C   python                          31895MiB |
[1,0]<stdout>:|    1   N/A  N/A   1722142      C   python                          31895MiB |
[1,3]<stdout>:|    2   N/A  N/A   1722143      C   python                          31895MiB |
[1,0]<stdout>:|    2   N/A  N/A   1722143      C   python                          31895MiB |
[1,3]<stdout>:|    3   N/A  N/A   1722144      C   python                          31895MiB |
[1,3]<stdout>:+-----------------------------------------------------------------------------+
[1,0]<stdout>:|    3   N/A  N/A   1722144      C   python                          31895MiB |
[1,0]<stdout>:+-----------------------------------------------------------------------------+
[1,3]<stdout>:0
[1,0]<stdout>:0
[1,0]<stdout>:399/399 - 276s - loss: 1.6989 - accuracy: 0.3179 - val_loss: 1.7272 - val_accuracy: 0.3207 - lr: 5.0000e-04 - 276s/epoch - 693ms/step
[1,0]<stdout>:Epoch 2/70
[1,0]<stdout>:399/399 - 259s - loss: 1.4802 - accuracy: 0.4184 - val_loss: 1.5929 - val_accuracy: 0.3357 - lr: 5.0000e-04 - 259s/epoch - 650ms/step
[1,0]<stdout>:Epoch 3/70
[1,0]<stdout>:399/399 - 218s - loss: 1.3498 - accuracy: 0.4688 - val_loss: 1.6428 - val_accuracy: 0.3643 - lr: 5.0000e-04 - 218s/epoch - 547ms/step
[1,0]<stdout>:Epoch 4/70
[1,0]<stdout>:399/399 - 247s - loss: 1.2753 - accuracy: 0.4973 - val_loss: 1.3404 - val_accuracy: 0.4778 - lr: 5.0000e-04 - 247s/epoch - 619ms/step
[1,0]<stdout>:Epoch 5/70
[1,0]<stdout>:399/399 - 220s - loss: 1.2307 - accuracy: 0.5166 - val_loss: 1.6082 - val_accuracy: 0.3669 - lr: 5.0000e-04 - 220s/epoch - 552ms/step
[1,0]<stdout>:Epoch 6/70
[1,0]<stdout>:399/399 - 263s - loss: 1.1949 - accuracy: 0.5292 - val_loss: 1.3369 - val_accuracy: 0.4803 - lr: 5.0000e-04 - 263s/epoch - 660ms/step
[1,0]<stdout>:Epoch 7/70
[1,0]<stdout>:399/399 - 255s - loss: 1.1642 - accuracy: 0.5389 - val_loss: 1.2966 - val_accuracy: 0.5074 - lr: 5.0000e-04 - 255s/epoch - 638ms/step
[1,0]<stdout>:Epoch 8/70
[1,0]<stdout>:399/399 - 222s - loss: 1.1365 - accuracy: 0.5526 - val_loss: 1.3472 - val_accuracy: 0.4607 - lr: 5.0000e-04 - 222s/epoch - 555ms/step
[1,0]<stdout>:Epoch 9/70
[1,0]<stdout>:399/399 - 222s - loss: 1.1175 - accuracy: 0.5584 - val_loss: 1.3577 - val_accuracy: 0.4862 - lr: 5.0000e-04 - 222s/epoch - 557ms/step
[1,0]<stdout>:Epoch 10/70
[1,0]<stdout>:399/399 - 216s - loss: 1.0961 - accuracy: 0.5653 - val_loss: 1.3637 - val_accuracy: 0.4674 - lr: 5.0000e-04 - 216s/epoch - 542ms/step
[1,0]<stdout>:Epoch 11/70
[1,0]<stdout>:399/399 - 217s - loss: 1.0787 - accuracy: 0.5744 - val_loss: 1.4132 - val_accuracy: 0.4567 - lr: 5.0000e-04 - 217s/epoch - 544ms/step
[1,0]<stdout>:Epoch 12/70
[1,0]<stdout>:399/399 - 215s - loss: 1.0617 - accuracy: 0.5804 - val_loss: 1.3541 - val_accuracy: 0.4663 - lr: 5.0000e-04 - 215s/epoch - 540ms/step
[1,0]<stdout>:Epoch 13/70
[1,0]<stdout>:399/399 - 216s - loss: 1.0478 - accuracy: 0.5862 - val_loss: 1.3077 - val_accuracy: 0.4882 - lr: 5.0000e-04 - 216s/epoch - 541ms/step
[1,0]<stdout>:Epoch 14/70
[1,0]<stdout>:399/399 - 215s - loss: 1.0231 - accuracy: 0.5938 - val_loss: 1.5176 - val_accuracy: 0.4412 - lr: 5.0000e-04 - 215s/epoch - 539ms/step
[1,0]<stdout>:Epoch 15/70
[1,0]<stdout>:399/399 - 216s - loss: 1.0059 - accuracy: 0.6055 - val_loss: 1.4396 - val_accuracy: 0.4248 - lr: 5.0000e-04 - 216s/epoch - 541ms/step
[1,0]<stdout>:Epoch 16/70
[1,0]<stdout>:399/399 - 249s - loss: 0.9770 - accuracy: 0.6146 - val_loss: 1.2790 - val_accuracy: 0.5118 - lr: 5.0000e-04 - 249s/epoch - 623ms/step
[1,0]<stdout>:Epoch 17/70
[1,0]<stdout>:399/399 - 223s - loss: 0.9612 - accuracy: 0.6209 - val_loss: 1.3066 - val_accuracy: 0.5110 - lr: 5.0000e-04 - 223s/epoch - 560ms/step
[1,0]<stdout>:Epoch 18/70
[1,0]<stdout>:399/399 - 216s - loss: 0.9477 - accuracy: 0.6277 - val_loss: 1.3520 - val_accuracy: 0.4927 - lr: 5.0000e-04 - 216s/epoch - 542ms/step
[1,0]<stdout>:Epoch 19/70
[1,0]<stdout>:399/399 - 226s - loss: 0.9176 - accuracy: 0.6423 - val_loss: 1.3428 - val_accuracy: 0.4809 - lr: 5.0000e-04 - 226s/epoch - 567ms/step
[1,0]<stdout>:Epoch 20/70
[1,0]<stdout>:399/399 - 218s - loss: 0.9024 - accuracy: 0.6482 - val_loss: 1.4450 - val_accuracy: 0.4725 - lr: 5.0000e-04 - 218s/epoch - 546ms/step
[1,0]<stdout>:Epoch 21/70
[1,0]<stdout>:399/399 - 221s - loss: 0.8866 - accuracy: 0.6503 - val_loss: 1.3188 - val_accuracy: 0.5079 - lr: 5.0000e-04 - 221s/epoch - 555ms/step
[1,0]<stdout>:Epoch 22/70
[1,0]<stdout>:399/399 - 218s - loss: 0.8611 - accuracy: 0.6646 - val_loss: 1.5033 - val_accuracy: 0.4637 - lr: 5.0000e-04 - 218s/epoch - 546ms/step
[1,0]<stdout>:Epoch 23/70
[1,0]<stdout>:399/399 - 230s - loss: 0.8365 - accuracy: 0.6747 - val_loss: 1.3190 - val_accuracy: 0.5225 - lr: 5.0000e-04 - 230s/epoch - 577ms/step
[1,0]<stdout>:Epoch 24/70
[1,0]<stdout>:399/399 - 219s - loss: 0.8191 - accuracy: 0.6793 - val_loss: 1.4105 - val_accuracy: 0.4885 - lr: 5.0000e-04 - 219s/epoch - 550ms/step
[1,0]<stdout>:Epoch 25/70
[1,0]<stdout>:399/399 - 233s - loss: 0.7986 - accuracy: 0.6873 - val_loss: 1.2732 - val_accuracy: 0.5201 - lr: 5.0000e-04 - 233s/epoch - 583ms/step
[1,0]<stdout>:Epoch 26/70
[1,0]<stdout>:399/399 - 216s - loss: 0.7800 - accuracy: 0.6975 - val_loss: 1.5001 - val_accuracy: 0.4682 - lr: 5.0000e-04 - 216s/epoch - 541ms/step
[1,0]<stdout>:Epoch 27/70
[1,0]<stdout>:399/399 - 223s - loss: 0.7580 - accuracy: 0.7061 - val_loss: 1.5453 - val_accuracy: 0.4838 - lr: 5.0000e-04 - 223s/epoch - 559ms/step
[1,0]<stdout>:Epoch 28/70
[1,0]<stdout>:399/399 - 215s - loss: 0.7397 - accuracy: 0.7133 - val_loss: 1.4592 - val_accuracy: 0.5012 - lr: 5.0000e-04 - 215s/epoch - 539ms/step
[1,0]<stdout>:Epoch 29/70
[1,0]<stdout>:399/399 - 215s - loss: 0.7238 - accuracy: 0.7195 - val_loss: 1.3231 - val_accuracy: 0.5341 - lr: 5.0000e-04 - 215s/epoch - 539ms/step
[1,0]<stdout>:Epoch 30/70
[1,0]<stdout>:399/399 - 215s - loss: 0.7054 - accuracy: 0.7274 - val_loss: 1.3967 - val_accuracy: 0.5154 - lr: 5.0000e-04 - 215s/epoch - 540ms/step
[1,0]<stdout>:Epoch 31/70
[1,0]<stdout>:399/399 - 215s - loss: 0.6841 - accuracy: 0.7350 - val_loss: 1.4462 - val_accuracy: 0.5163 - lr: 5.0000e-04 - 215s/epoch - 539ms/step
[1,0]<stdout>:Epoch 32/70
[1,0]<stdout>:399/399 - 215s - loss: 0.6638 - accuracy: 0.7407 - val_loss: 1.5733 - val_accuracy: 0.4894 - lr: 5.0000e-04 - 215s/epoch - 538ms/step
[1,0]<stdout>:Epoch 33/70
[1,0]<stdout>:399/399 - 216s - loss: 0.6463 - accuracy: 0.7515 - val_loss: 1.5747 - val_accuracy: 0.4807 - lr: 5.0000e-04 - 216s/epoch - 541ms/step
[1,0]<stdout>:Epoch 34/70
[1,0]<stdout>:399/399 - 215s - loss: 0.6337 - accuracy: 0.7554 - val_loss: 1.5157 - val_accuracy: 0.5032 - lr: 5.0000e-04 - 215s/epoch - 538ms/step
[1,0]<stdout>:Epoch 35/70
[1,0]<stdout>:399/399 - 217s - loss: 0.6133 - accuracy: 0.7626 - val_loss: 1.5101 - val_accuracy: 0.5060 - lr: 5.0000e-04 - 217s/epoch - 544ms/step
[1,0]<stdout>:Epoch 36/70
[1,0]<stdout>:399/399 - 216s - loss: 0.6043 - accuracy: 0.7673 - val_loss: 1.4725 - val_accuracy: 0.5241 - lr: 5.0000e-04 - 216s/epoch - 540ms/step
[1,0]<stdout>:Epoch 37/70
[1,0]<stdout>:399/399 - 215s - loss: 0.5815 - accuracy: 0.7748 - val_loss: 1.6088 - val_accuracy: 0.4910 - lr: 5.0000e-04 - 215s/epoch - 540ms/step
[1,0]<stdout>:Epoch 38/70
[1,0]<stdout>:399/399 - 216s - loss: 0.5626 - accuracy: 0.7831 - val_loss: 1.8275 - val_accuracy: 0.4581 - lr: 5.0000e-04 - 216s/epoch - 540ms/step
[1,0]<stdout>:Epoch 39/70
[1,0]<stdout>:399/399 - 215s - loss: 0.5469 - accuracy: 0.7901 - val_loss: 1.6904 - val_accuracy: 0.4958 - lr: 5.0000e-04 - 215s/epoch - 539ms/step
[1,0]<stdout>:Epoch 40/70
[1,0]<stdout>:399/399 - 215s - loss: 0.5417 - accuracy: 0.7920 - val_loss: 1.5818 - val_accuracy: 0.5117 - lr: 5.0000e-04 - 215s/epoch - 539ms/step
[1,0]<stdout>:Epoch 41/70
[1,0]<stdout>:399/399 - 216s - loss: 0.5170 - accuracy: 0.8018 - val_loss: 1.6399 - val_accuracy: 0.4856 - lr: 5.0000e-04 - 216s/epoch - 540ms/step
[1,0]<stdout>:Epoch 42/70
[1,0]<stdout>:399/399 - 216s - loss: 0.5097 - accuracy: 0.8058 - val_loss: 1.6362 - val_accuracy: 0.5145 - lr: 5.0000e-04 - 216s/epoch - 542ms/step
[1,0]<stdout>:Epoch 43/70
[1,0]<stdout>:399/399 - 217s - loss: 0.4957 - accuracy: 0.8090 - val_loss: 1.5354 - val_accuracy: 0.5376 - lr: 5.0000e-04 - 217s/epoch - 543ms/step
[1,0]<stdout>:Epoch 44/70
[1,0]<stdout>:399/399 - 216s - loss: 0.4760 - accuracy: 0.8153 - val_loss: 1.7322 - val_accuracy: 0.4986 - lr: 5.0000e-04 - 216s/epoch - 542ms/step
[1,0]<stdout>:Epoch 45/70
[1,0]<stdout>:399/399 - 215s - loss: 0.4694 - accuracy: 0.8200 - val_loss: 1.7549 - val_accuracy: 0.4937 - lr: 5.0000e-04 - 215s/epoch - 539ms/step
[1,0]<stdout>:Epoch 46/70
[1,0]<stdout>:399/399 - 215s - loss: 0.4572 - accuracy: 0.8241 - val_loss: 1.6505 - val_accuracy: 0.5143 - lr: 5.0000e-04 - 215s/epoch - 539ms/step
[1,0]<stdout>:Epoch 47/70
[1,0]<stdout>:399/399 - 216s - loss: 0.4508 - accuracy: 0.8247 - val_loss: 1.6085 - val_accuracy: 0.5104 - lr: 5.0000e-04 - 216s/epoch - 541ms/step
[1,0]<stdout>:Epoch 48/70
[1,0]<stdout>:399/399 - 255s - loss: 0.4368 - accuracy: 0.8325 - val_loss: 1.7594 - val_accuracy: 0.5299 - lr: 5.0000e-04 - 255s/epoch - 639ms/step
[1,0]<stdout>:Epoch 49/70
[1,0]<stdout>:399/399 - 217s - loss: 0.4308 - accuracy: 0.8354 - val_loss: 1.7751 - val_accuracy: 0.5182 - lr: 5.0000e-04 - 217s/epoch - 543ms/step
[1,0]<stdout>:Epoch 50/70
[1,0]<stdout>:399/399 - 215s - loss: 0.4135 - accuracy: 0.8413 - val_loss: 1.6509 - val_accuracy: 0.5444 - lr: 5.0000e-04 - 215s/epoch - 539ms/step
[1,0]<stdout>:Epoch 51/70
[1,0]<stdout>:399/399 - 216s - loss: 0.4037 - accuracy: 0.8461 - val_loss: 1.6097 - val_accuracy: 0.5281 - lr: 5.0000e-04 - 216s/epoch - 540ms/step
[1,0]<stdout>:Epoch 52/70
[1,0]<stdout>:399/399 - 215s - loss: 0.3921 - accuracy: 0.8520 - val_loss: 1.7653 - val_accuracy: 0.4999 - lr: 5.0000e-04 - 215s/epoch - 539ms/step
[1,0]<stdout>:Epoch 53/70
[1,0]<stdout>:399/399 - 217s - loss: 0.3813 - accuracy: 0.8545 - val_loss: 1.8965 - val_accuracy: 0.4953 - lr: 5.0000e-04 - 217s/epoch - 545ms/step
[1,0]<stdout>:Epoch 54/70
[1,0]<stdout>:399/399 - 215s - loss: 0.3671 - accuracy: 0.8623 - val_loss: 1.7088 - val_accuracy: 0.5249 - lr: 5.0000e-04 - 215s/epoch - 539ms/step
[1,0]<stdout>:Epoch 55/70
[1,0]<stdout>:399/399 - 215s - loss: 0.3545 - accuracy: 0.8649 - val_loss: 2.0064 - val_accuracy: 0.4863 - lr: 5.0000e-04 - 215s/epoch - 539ms/step
[1,0]<stdout>:Epoch 56/70
[1,0]<stdout>:399/399 - 215s - loss: 0.3571 - accuracy: 0.8648 - val_loss: 1.9481 - val_accuracy: 0.4978 - lr: 5.0000e-04 - 215s/epoch - 539ms/step
[1,0]<stdout>:Epoch 57/70
[1,0]<stdout>:399/399 - 215s - loss: 0.3428 - accuracy: 0.8707 - val_loss: 1.8739 - val_accuracy: 0.4996 - lr: 5.0000e-04 - 215s/epoch - 539ms/step
[1,0]<stdout>:Epoch 58/70
[1,0]<stdout>:399/399 - 231s - loss: 0.3419 - accuracy: 0.8709 - val_loss: 1.9243 - val_accuracy: 0.5103 - lr: 5.0000e-04 - 231s/epoch - 580ms/step
[1,0]<stdout>:Epoch 59/70
[1,0]<stdout>:399/399 - 219s - loss: 0.3273 - accuracy: 0.8755 - val_loss: 1.7612 - val_accuracy: 0.5417 - lr: 5.0000e-04 - 219s/epoch - 548ms/step
[1,0]<stdout>:Epoch 60/70
[1,0]<stdout>:399/399 - 219s - loss: 0.3172 - accuracy: 0.8796 - val_loss: 2.0498 - val_accuracy: 0.4988 - lr: 5.0000e-04 - 219s/epoch - 550ms/step
[1,0]<stdout>:Epoch 61/70
[1,0]<stdout>:399/399 - 216s - loss: 0.3057 - accuracy: 0.8833 - val_loss: 1.9216 - val_accuracy: 0.5182 - lr: 5.0000e-04 - 216s/epoch - 541ms/step
[1,0]<stdout>:Epoch 62/70
[1,0]<stdout>:399/399 - 215s - loss: 0.3035 - accuracy: 0.8867 - val_loss: 1.8697 - val_accuracy: 0.5308 - lr: 5.0000e-04 - 215s/epoch - 540ms/step
[1,0]<stdout>:Epoch 63/70
[1,0]<stdout>:399/399 - 215s - loss: 0.2980 - accuracy: 0.8875 - val_loss: 2.2321 - val_accuracy: 0.4958 - lr: 5.0000e-04 - 215s/epoch - 540ms/step
[1,0]<stdout>:Epoch 64/70
[1,0]<stdout>:399/399 - 215s - loss: 0.2913 - accuracy: 0.8903 - val_loss: 1.8540 - val_accuracy: 0.5391 - lr: 5.0000e-04 - 215s/epoch - 540ms/step
[1,0]<stdout>:Epoch 65/70
[1,0]<stdout>:399/399 - 216s - loss: 0.2736 - accuracy: 0.8943 - val_loss: 2.2640 - val_accuracy: 0.4793 - lr: 5.0000e-04 - 216s/epoch - 540ms/step
[1,0]<stdout>:Epoch 66/70
[1,0]<stdout>:399/399 - 216s - loss: 0.2780 - accuracy: 0.8945 - val_loss: 2.1219 - val_accuracy: 0.4918 - lr: 5.0000e-04 - 216s/epoch - 543ms/step
[1,0]<stdout>:Epoch 67/70
[1,0]<stdout>:399/399 - 217s - loss: 0.2634 - accuracy: 0.9008 - val_loss: 1.8841 - val_accuracy: 0.5280 - lr: 5.0000e-04 - 217s/epoch - 543ms/step
[1,0]<stdout>:Epoch 68/70
[1,0]<stdout>:399/399 - 219s - loss: 0.2605 - accuracy: 0.9023 - val_loss: 2.2095 - val_accuracy: 0.4990 - lr: 5.0000e-04 - 219s/epoch - 549ms/step
[1,0]<stdout>:Epoch 69/70
[1,0]<stdout>:399/399 - 215s - loss: 0.2497 - accuracy: 0.9063 - val_loss: 1.7746 - val_accuracy: 0.5669 - lr: 5.0000e-04 - 215s/epoch - 539ms/step
[1,0]<stdout>:Epoch 70/70
[1,0]<stdout>:399/399 - 218s - loss: 0.2494 - accuracy: 0.9041 - val_loss: 2.1963 - val_accuracy: 0.4888 - lr: 5.0000e-04 - 218s/epoch - 545ms/step
[1,0]<stdout>:train time:  15509.887256383896
[1,0]<stdout>:Tue Oct 18 20:44:09 2022       
[1,0]<stdout>:+-----------------------------------------------------------------------------+
[1,0]<stdout>:| NVIDIA-SMI 510.47.03    Driver Version: 510.47.03    CUDA Version: 11.6     |
[1,0]<stdout>:|-------------------------------+----------------------+----------------------+
[1,0]<stdout>:| GPU  Name        Persistence-M| Bus-Id        Disp.A | Volatile Uncorr. ECC |
[1,0]<stdout>:| Fan  Temp  Perf  Pwr:Usage/Cap|         Memory-Usage | GPU-Util  Compute M. |
[1,0]<stdout>:|                               |                      |               MIG M. |
[1,0]<stdout>:|===============================+======================+======================|
[1,0]<stdout>:|   0  Tesla V100-PCIE...  On   | 00000000:06:00.0 Off |                    0 |
[1,0]<stdout>:| N/A   63C    P0    50W / 250W |  31899MiB / 32768MiB |      0%      Default |
[1,0]<stdout>:|                               |                      |                  N/A |
[1,0]<stdout>:+-------------------------------+----------------------+----------------------+
[1,0]<stdout>:|   1  Tesla V100-PCIE...  On   | 00000000:2F:00.0 Off |                    0 |
[1,0]<stdout>:| N/A   57C    P0    48W / 250W |  31899MiB / 32768MiB |      0%      Default |
[1,0]<stdout>:|                               |                      |                  N/A |
[1,0]<stdout>:+-------------------------------+----------------------+----------------------+
[1,0]<stdout>:|   2  Tesla V100-PCIE...  On   | 00000000:86:00.0 Off |                    0 |
[1,0]<stdout>:| N/A   56C    P0    50W / 250W |  31899MiB / 32768MiB |      0%      Default |
[1,0]<stdout>:|                               |                      |                  N/A |
[1,0]<stdout>:+-------------------------------+----------------------+----------------------+
[1,0]<stdout>:|   3  Tesla V100-PCIE...  On   | 00000000:D8:00.0 Off |                    0 |
[1,0]<stdout>:| N/A   56C    P0    43W / 250W |  31899MiB / 32768MiB |      0%      Default |
[1,0]<stdout>:|                               |                      |                  N/A |
[1,0]<stdout>:+-------------------------------+----------------------+----------------------+
[1,0]<stdout>:                                                                               
[1,0]<stdout>:+-----------------------------------------------------------------------------+
[1,0]<stdout>:| Processes:                                                                  |
[1,0]<stdout>:|  GPU   GI   CI        PID   Type   Process name                  GPU Memory |
[1,0]<stdout>:|        ID   ID                                                   Usage      |
[1,0]<stdout>:|=============================================================================|
[1,0]<stdout>:|    0   N/A  N/A   1722141      C   python                          31895MiB |
[1,0]<stdout>:|    1   N/A  N/A   1722142      C   python                          31895MiB |
[1,0]<stdout>:|    2   N/A  N/A   1722143      C   python                          31895MiB |
[1,0]<stdout>:|    3   N/A  N/A   1722144      C   python                          31895MiB |
[1,0]<stdout>:+-----------------------------------------------------------------------------+
[1,0]<stdout>:0
[1,0]<stdout>:  1/114 [..............................] - ETA: 1:04 - loss: 1.7492 - accuracy: 0.5625[1,0]<stdout>:  2/114 [..............................] - ETA: 52s - loss: 1.9425 - accuracy: 0.4688 [1,0]<stdout>:  3/114 [..............................] - ETA: 51s - loss: 1.7963 - accuracy: 0.4792[1,0]<stdout>:  4/114 [>.............................] - ETA: 53s - loss: 1.9877 - accuracy: 0.4375[1,0]<stdout>:  5/114 [>.............................] - ETA: 52s - loss: 1.8258 - accuracy: 0.4500[1,0]<stdout>:  6/114 [>.............................] - ETA: 52s - loss: 1.8707 - accuracy: 0.4479[1,0]<stdout>:  7/114 [>.............................] - ETA: 52s - loss: 1.9636 - accuracy: 0.4196[1,0]<stdout>:  8/114 [=>............................] - ETA: 51s - loss: 2.0629 - accuracy: 0.4297[1,0]<stdout>:  9/114 [=>............................] - ETA: 51s - loss: 1.9135 - accuracy: 0.4792[1,0]<stdout>: 10/114 [=>............................] - ETA: 51s - loss: 1.8654 - accuracy: 0.4938[1,0]<stdout>: 11/114 [=>............................] - ETA: 51s - loss: 1.9386 - accuracy: 0.5000[1,0]<stdout>: 12/114 [==>...........................] - ETA: 50s - loss: 1.9259 - accuracy: 0.5000[1,0]<stdout>: 13/114 [==>...........................] - ETA: 50s - loss: 2.0146 - accuracy: 0.4808[1,0]<stdout>: 14/114 [==>...........................] - ETA: 50s - loss: 1.9359 - accuracy: 0.4955[1,0]<stdout>: 15/114 [==>...........................] - ETA: 50s - loss: 1.9290 - accuracy: 0.5042[1,0]<stdout>: 16/114 [===>..........................] - ETA: 49s - loss: 1.9255 - accuracy: 0.5117[1,0]<stdout>: 17/114 [===>..........................] - ETA: 48s - loss: 1.9651 - accuracy: 0.5074[1,0]<stdout>: 18/114 [===>..........................] - ETA: 48s - loss: 2.0252 - accuracy: 0.4965[1,0]<stdout>: 19/114 [====>.........................] - ETA: 47s - loss: 2.0726 - accuracy: 0.4901[1,0]<stdout>: 20/114 [====>.........................] - ETA: 47s - loss: 2.1737 - accuracy: 0.4719[1,0]<stdout>: 21/114 [====>.........................] - ETA: 47s - loss: 2.2073 - accuracy: 0.4643[1,0]<stdout>: 22/114 [====>.........................] - ETA: 46s - loss: 2.2109 - accuracy: 0.4574[1,0]<stdout>: 23/114 [=====>........................] - ETA: 46s - loss: 2.2284 - accuracy: 0.4565[1,0]<stdout>: 24/114 [=====>........................] - ETA: 46s - loss: 2.1828 - accuracy: 0.4661[1,0]<stdout>: 25/114 [=====>........................] - ETA: 45s - loss: 2.1997 - accuracy: 0.4600[1,0]<stdout>: 26/114 [=====>........................] - ETA: 45s - loss: 2.1936 - accuracy: 0.4615[1,0]<stdout>: 27/114 [======>.......................] - ETA: 45s - loss: 2.2268 - accuracy: 0.4583[1,0]<stdout>: 28/114 [======>.......................] - ETA: 44s - loss: 2.2187 - accuracy: 0.4598[1,0]<stdout>: 29/114 [======>.......................] - ETA: 43s - loss: 2.1827 - accuracy: 0.4655[1,0]<stdout>: 30/114 [======>.......................] - ETA: 43s - loss: 2.1856 - accuracy: 0.4646[1,0]<stdout>: 31/114 [=======>......................] - ETA: 43s - loss: 2.1526 - accuracy: 0.4698[1,0]<stdout>: 32/114 [=======>......................] - ETA: 42s - loss: 2.1280 - accuracy: 0.4746[1,0]<stdout>: 33/114 [=======>......................] - ETA: 41s - loss: 2.1318 - accuracy: 0.4735[1,0]<stdout>: 34/114 [=======>......................] - ETA: 41s - loss: 2.1258 - accuracy: 0.4779[1,0]<stdout>: 35/114 [========>.....................] - ETA: 40s - loss: 2.1380 - accuracy: 0.4732[1,0]<stdout>: 36/114 [========>.....................] - ETA: 40s - loss: 2.1288 - accuracy: 0.4740[1,0]<stdout>: 37/114 [========>.....................] - ETA: 39s - loss: 2.1268 - accuracy: 0.4730[1,0]<stdout>: 38/114 [=========>....................] - ETA: 38s - loss: 2.1104 - accuracy: 0.4737[1,0]<stdout>: 39/114 [=========>....................] - ETA: 38s - loss: 2.0989 - accuracy: 0.4744[1,0]<stdout>: 40/114 [=========>....................] - ETA: 37s - loss: 2.0728 - accuracy: 0.4812[1,0]<stdout>: 41/114 [=========>....................] - ETA: 37s - loss: 2.0821 - accuracy: 0.4802[1,0]<stdout>: 42/114 [==========>...................] - ETA: 36s - loss: 2.1088 - accuracy: 0.4777[1,0]<stdout>: 43/114 [==========>...................] - ETA: 36s - loss: 2.1027 - accuracy: 0.4767[1,0]<stdout>: 44/114 [==========>...................] - ETA: 36s - loss: 2.1223 - accuracy: 0.4773[1,0]<stdout>: 45/114 [==========>...................] - ETA: 35s - loss: 2.1395 - accuracy: 0.4778[1,0]<stdout>: 46/114 [===========>..................] - ETA: 35s - loss: 2.1393 - accuracy: 0.4783[1,0]<stdout>: 47/114 [===========>..................] - ETA: 34s - loss: 2.1321 - accuracy: 0.4761[1,0]<stdout>: 48/114 [===========>..................] - ETA: 33s - loss: 2.1235 - accuracy: 0.4792[1,0]<stdout>: 49/114 [===========>..................] - ETA: 33s - loss: 2.1086 - accuracy: 0.4809[1,0]<stdout>: 50/114 [============>.................] - ETA: 32s - loss: 2.1079 - accuracy: 0.4812[1,0]<stdout>: 51/114 [============>.................] - ETA: 32s - loss: 2.1011 - accuracy: 0.4841[1,0]<stdout>: 52/114 [============>.................] - ETA: 31s - loss: 2.1202 - accuracy: 0.4844[1,0]<stdout>: 53/114 [============>.................] - ETA: 31s - loss: 2.1238 - accuracy: 0.4858[1,0]<stdout>: 54/114 [=============>................] - ETA: 30s - loss: 2.1205 - accuracy: 0.4861[1,0]<stdout>: 55/114 [=============>................] - ETA: 30s - loss: 2.1215 - accuracy: 0.4864[1,0]<stdout>: 56/114 [=============>................] - ETA: 29s - loss: 2.1352 - accuracy: 0.4844[1,0]<stdout>: 57/114 [==============>...............] - ETA: 29s - loss: 2.1467 - accuracy: 0.4836[1,0]<stdout>: 58/114 [==============>...............] - ETA: 28s - loss: 2.1449 - accuracy: 0.4838[1,0]<stdout>: 59/114 [==============>...............] - ETA: 28s - loss: 2.1392 - accuracy: 0.4852[1,0]<stdout>: 60/114 [==============>...............] - ETA: 27s - loss: 2.1568 - accuracy: 0.4844[1,0]<stdout>: 61/114 [===============>..............] - ETA: 27s - loss: 2.1592 - accuracy: 0.4805[1,0]<stdout>: 62/114 [===============>..............] - ETA: 26s - loss: 2.1804 - accuracy: 0.4778[1,0]<stdout>: 63/114 [===============>..............] - ETA: 26s - loss: 2.1874 - accuracy: 0.4782[1,0]<stdout>: 64/114 [===============>..............] - ETA: 25s - loss: 2.1917 - accuracy: 0.4746[1,0]<stdout>: 65/114 [================>.............] - ETA: 25s - loss: 2.1801 - accuracy: 0.4760[1,0]<stdout>: 66/114 [================>.............] - ETA: 24s - loss: 2.2162 - accuracy: 0.4744[1,0]<stdout>: 67/114 [================>.............] - ETA: 24s - loss: 2.2056 - accuracy: 0.4757[1,0]<stdout>: 68/114 [================>.............] - ETA: 23s - loss: 2.2079 - accuracy: 0.4752[1,0]<stdout>: 69/114 [=================>............] - ETA: 23s - loss: 2.2081 - accuracy: 0.4746[1,0]<stdout>: 70/114 [=================>............] - ETA: 22s - loss: 2.1911 - accuracy: 0.4777[1,0]<stdout>: 71/114 [=================>............] - ETA: 22s - loss: 2.1758 - accuracy: 0.4789[1,0]<stdout>: 72/114 [=================>............] - ETA: 21s - loss: 2.1649 - accuracy: 0.4826[1,0]<stdout>: 73/114 [==================>...........] - ETA: 21s - loss: 2.1666 - accuracy: 0.4829[1,0]<stdout>: 74/114 [==================>...........] - ETA: 20s - loss: 2.1939 - accuracy: 0.4814[1,0]<stdout>: 75/114 [==================>...........] - ETA: 20s - loss: 2.1838 - accuracy: 0.4817[1,0]<stdout>: 76/114 [===================>..........] - ETA: 19s - loss: 2.1787 - accuracy: 0.4836[1,0]<stdout>: 77/114 [===================>..........] - ETA: 19s - loss: 2.1779 - accuracy: 0.4838[1,0]<stdout>: 78/114 [===================>..........] - ETA: 18s - loss: 2.1824 - accuracy: 0.4832[1,0]<stdout>: 79/114 [===================>..........] - ETA: 18s - loss: 2.1876 - accuracy: 0.4842[1,0]<stdout>: 80/114 [====================>.........] - ETA: 17s - loss: 2.1933 - accuracy: 0.4836[1,0]<stdout>: 81/114 [====================>.........] - ETA: 17s - loss: 2.1945 - accuracy: 0.4846[1,0]<stdout>: 82/114 [====================>.........] - ETA: 16s - loss: 2.1999 - accuracy: 0.4848[1,0]<stdout>: 83/114 [====================>.........] - ETA: 16s - loss: 2.2125 - accuracy: 0.4834[1,0]<stdout>: 84/114 [=====================>........] - ETA: 15s - loss: 2.2185 - accuracy: 0.4829[1,0]<stdout>: 85/114 [=====================>........] - ETA: 15s - loss: 2.2137 - accuracy: 0.4838[1,0]<stdout>: 86/114 [=====================>........] - ETA: 14s - loss: 2.2096 - accuracy: 0.4833[1,0]<stdout>: 87/114 [=====================>........] - ETA: 14s - loss: 2.2121 - accuracy: 0.4828[1,0]<stdout>: 88/114 [======================>.......] - ETA: 13s - loss: 2.1985 - accuracy: 0.4858[1,0]<stdout>: 89/114 [======================>.......] - ETA: 13s - loss: 2.1838 - accuracy: 0.4888[1,0]<stdout>: 90/114 [======================>.......] - ETA: 12s - loss: 2.1854 - accuracy: 0.4882[1,0]<stdout>: 91/114 [======================>.......] - ETA: 12s - loss: 2.1795 - accuracy: 0.4883[1,0]<stdout>: 92/114 [=======================>......] - ETA: 11s - loss: 2.1833 - accuracy: 0.4871[1,0]<stdout>: 93/114 [=======================>......] - ETA: 10s - loss: 2.1791 - accuracy: 0.4879[1,0]<stdout>: 94/114 [=======================>......] - ETA: 10s - loss: 2.1911 - accuracy: 0.4854[1,0]<stdout>: 95/114 [========================>.....] - ETA: 9s - loss: 2.1754 - accuracy: 0.4882 [1,0]<stdout>: 96/114 [========================>.....] - ETA: 9s - loss: 2.1785 - accuracy: 0.4889[1,0]<stdout>: 97/114 [========================>.....] - ETA: 8s - loss: 2.1811 - accuracy: 0.4878[1,0]<stdout>: 98/114 [========================>.....] - ETA: 8s - loss: 2.1787 - accuracy: 0.4879[1,0]<stdout>: 99/114 [=========================>....] - ETA: 7s - loss: 2.1703 - accuracy: 0.4893[1,0]<stdout>:100/114 [=========================>....] - ETA: 7s - loss: 2.1583 - accuracy: 0.4913[1,0]<stdout>:101/114 [=========================>....] - ETA: 6s - loss: 2.1594 - accuracy: 0.4907[1,0]<stdout>:102/114 [=========================>....] - ETA: 6s - loss: 2.1612 - accuracy: 0.4896[1,0]<stdout>:103/114 [==========================>...] - ETA: 5s - loss: 2.1581 - accuracy: 0.4903[1,0]<stdout>:104/114 [==========================>...] - ETA: 5s - loss: 2.1610 - accuracy: 0.4898[1,0]<stdout>:105/114 [==========================>...] - ETA: 4s - loss: 2.1649 - accuracy: 0.4893[1,0]<stdout>:106/114 [==========================>...] - ETA: 4s - loss: 2.1612 - accuracy: 0.4912[1,0]<stdout>:107/114 [===========================>..] - ETA: 3s - loss: 2.1478 - accuracy: 0.4930[1,0]<stdout>:108/114 [===========================>..] - ETA: 3s - loss: 2.1548 - accuracy: 0.4913[1,0]<stdout>:109/114 [===========================>..] - ETA: 2s - loss: 2.1580 - accuracy: 0.4908[1,0]<stdout>:110/114 [===========================>..] - ETA: 2s - loss: 2.1544 - accuracy: 0.4909[1,0]<stdout>:111/114 [============================>.] - ETA: 1s - loss: 2.1505 - accuracy: 0.4904[1,0]<stdout>:112/114 [============================>.] - ETA: 1s - loss: 2.1502 - accuracy: 0.4922[1,0]<stdout>:113/114 [============================>.] - ETA: 0s - loss: 2.1521 - accuracy: 0.4912[1,0]<stdout>:114/114 [==============================] - ETA: 0s - loss: 2.1560 - accuracy: 0.4912[1,0]<stdout>:114/114 [==============================] - 60s 523ms/step - loss: 2.1560 - accuracy: 0.4912
[1,0]<stdout>:Accuracy of our model on test data :  49.12280738353729 %
[1,0]<stdout>:              precision    recall  f1-score   support
[1,0]<stdout>:
[1,0]<stdout>:       angry       0.54      0.74      0.63       284
[1,0]<stdout>:        calm       1.00      0.10      0.18        30
[1,0]<stdout>:     disgust       0.34      0.58      0.43       289
[1,0]<stdout>:        fear       0.56      0.36      0.44       289
[1,0]<stdout>:       happy       0.48      0.52      0.50       289
[1,0]<stdout>:     neutral       0.45      0.49      0.47       256
[1,0]<stdout>:         sad       0.89      0.22      0.35       289
[1,0]<stdout>:    surprise       0.87      0.70      0.78        99
[1,0]<stdout>:
[1,0]<stdout>:    accuracy                           0.49      1825
[1,0]<stdout>:   macro avg       0.64      0.47      0.47      1825
[1,0]<stdout>:weighted avg       0.57      0.49      0.48      1825
[1,0]<stdout>:
